<acces uri="Unknown-hostUnknown-URI" date="(2004-10-02) 19:53.46:142"/>
<acces uri="localhost:8080/" date="(2004-10-02) 19:53.55:546"/>
<acces uri="localhost:8080/favicon.ico" date="(2004-10-02) 19:53.55:826"/>
<acces uri="localhost:8080/favicon.ico" date="(2004-10-02) 20:26.35:815"/>
<acces uri="localhost:8080/favicon.ico" date="(2004-10-02) 20:27.56:110"/>
<acces uri="localhost:8080/favicon.ico" date="(2004-10-02) 20:38.53:746"/>
<acces uri="localhost:8080/" date="(2004-10-02) 20:39.31:740"/>
<acces uri="localhost:8080/skin/html.css" date="(2004-10-02) 20:39.32:021"/>
<acces uri="localhost:8080/skin/oo.css" date="(2004-10-02) 20:39.32:041"/>
<acces uri="localhost:8080/skin/strabon.css" date="(2004-10-02) 20:39.32:161"/>
<acces uri="localhost:8080/skin/back-dark.png" date="(2004-10-02) 20:39.32:181"/>
<acces uri="localhost:8080/skin/banner-back.png" date="(2004-10-02) 20:39.32:221"/>
<acces uri="localhost:8080/skin/back-tonic.png" date="(2004-10-02) 20:39.32:231"/>
<acces uri="localhost:8080/skin/banner.png" date="(2004-10-02) 20:39.32:251"/>
<acces uri="localhost:8080/media/images/index/asm.jpg" date="(2004-10-02) 20:39.32:301"/>
<acces uri="localhost:8080/skin/cocoon.jpg" date="(2004-10-02) 20:39.32:381"/>
<acces uri="localhost:8080/skin/back-light.png" date="(2004-10-02) 20:39.32:421"/>
<acces uri="localhost:8080/favicon.ico" date="(2004-10-02) 20:39.32:642"/>
<acces uri="localhost:8080/" date="(2004-10-02) 20:45.00:143"/>
<acces uri="localhost:8080/skin/html.css" date="(2004-10-02) 20:45.00:173"/>
<acces uri="localhost:8080/skin/oo.css" date="(2004-10-02) 20:45.00:183"/>
<acces uri="localhost:8080/skin/strabon.css" date="(2004-10-02) 20:45.00:193"/>
<acces uri="localhost:8080/skin/banner-back.png" date="(2004-10-02) 20:45.00:253"/>
<acces uri="localhost:8080/skin/back-dark.png" date="(2004-10-02) 20:45.00:263"/>
<acces uri="localhost:8080/skin/banner.png" date="(2004-10-02) 20:45.00:273"/>
<acces uri="localhost:8080/skin/back-tonic.png" date="(2004-10-02) 20:45.00:283"/>
<acces uri="localhost:8080/media/images/index/asm.jpg" date="(2004-10-02) 20:45.00:303"/>
<acces uri="localhost:8080/skin/cocoon.jpg" date="(2004-10-02) 20:45.00:313"/>
<acces uri="localhost:8080/skin/back-light.png" date="(2004-10-02) 20:45.00:393"/>
<acces uri="localhost:8080/favicon.ico" date="(2004-10-02) 20:45.00:503"/>
<acces uri="localhost:8080/favicon.ico" date="(2004-10-02) 21:25.57:636"/>
<acces uri="Unknown-hostUnknown-URI" date="(2004-10-05) 09:38.00:121"/>
<acces uri="localhost/" date="(2004-10-05) 09:38.24:526"/>
<acces uri="localhost/favicon.ico" date="(2004-10-05) 09:38.24:817"/>
<acces uri="Unknown-hostUnknown-URI" date="(2004-10-05) 09:40.21:605"/>
<acces uri="localhost:8080/" date="(2004-10-05) 09:40.37:307"/>
<acces uri="localhost:8080/favicon.ico" date="(2004-10-05) 09:40.37:608"/>
<acces uri="localhost:8080/" date="(2004-10-05) 09:42.06:445"/>
<acces uri="localhost:8080/favicon.ico" date="(2004-10-05) 09:42.06:776"/>
<acces uri="Unknown-hostUnknown-URI" date="(2004-10-05) 09:44.44:412"/>
<acces uri="Unknown-hostUnknown-URI" date="(2004-10-05) 09:45.21:976"/>
<acces uri="Unknown-hostUnknown-URI" date="(2004-10-05) 09:45.35:636"/>
<acces uri="Unknown-hostUnknown-URI" date="(2004-10-05) 09:45.51:819"/>
<acces uri="Unknown-hostUnknown-URI" date="(2004-10-05) 09:46.15:083"/>
<acces uri="Unknown-hostUnknown-URI" date="(2004-10-05) 09:47.27:126"/>
<acces uri="Unknown-hostUnknown-URI" date="(2004-10-05) 09:47.39:674"/>
<acces uri="Unknown-hostUnknown-URI" date="(2004-10-05) 09:47.52:383"/>
<acces uri="Unknown-hostUnknown-URI" date="(2004-10-05) 09:48.37:297"/>
<acces uri="localhost:8080/" date="(2004-10-05) 09:48.43:626"/>
<acces uri="localhost:8080/favicon.ico" date="(2004-10-05) 09:48.43:887"/>
<acces uri="localhost:8080/favicon.ico" date="(2004-10-05) 09:56.52:930"/>
<acces uri="localhost:8080/favicon.ico" date="(2004-10-05) 11:51.11:853"/>
<acces uri="localhost:8080/" date="(2004-10-05) 11:51.31:921"/>
<acces uri="localhost:8080/skin/strabon1.css" date="(2004-10-05) 11:51.31:962"/>
<acces uri="localhost:8080/skin/eumedis_fr_S.gif" date="(2004-10-05) 11:51.32:112"/>
<acces uri="localhost:8080/skin/strabon_S.gif" date="(2004-10-05) 11:51.32:122"/>
<acces uri="localhost:8080/skin/logomsh.gif" date="(2004-10-05) 11:51.32:122"/>
<acces uri="localhost:8080/favicon.ico" date="(2004-10-05) 11:51.32:452"/>
<acces uri="Unknown-hostUnknown-URI" date="(2004-10-05) 11:52.22:604"/>
<acces uri="localhost:8080/" date="(2004-10-05) 11:52.50:104"/>
<acces uri="localhost:8080/favicon.ico" date="(2004-10-05) 11:52.50:394"/>
<acces uri="localhost:8080/favicon.ico" date="(2004-10-05) 11:56.36:339"/>
<acces uri="localhost:8080/favicon.ico" date="(2004-10-05) 11:56.45:743"/>
<acces uri="localhost:8080/" date="(2004-10-05) 11:56.57:940"/>
<acces uri="localhost:8080/skin/strabon1.css" date="(2004-10-05) 11:56.58:000"/>
<acces uri="localhost:8080/favicon.ico" date="(2004-10-05) 11:56.58:271"/>
<acces uri="localhost:8080/favicon.ico" date="(2004-10-05) 11:57.04:930"/>
<acces uri="Unknown-hostUnknown-URI" date="(2004-10-05) 11:57.24:599"/>
<acces uri="localhost:8080/" date="(2004-10-05) 11:57.49:074"/>
<acces uri="localhost:8080/favicon.ico" date="(2004-10-05) 11:57.49:444"/>
<acces uri="Unknown-hostUnknown-URI" date="(2004-10-05) 12:00.14:072"/>
<acces uri="localhost:8080/" date="(2004-10-05) 12:00.31:648"/>
<acces uri="localhost:8080/skin/strabon1.css" date="(2004-10-05) 12:00.31:698"/>
<acces uri="localhost:8080/skin/eumedis_fr_S.gif" date="(2004-10-05) 12:00.31:808"/>
<acces uri="localhost:8080/media/images/index/asm.jpg" date="(2004-10-05) 12:00.31:828"/>
<acces uri="localhost:8080/skin/strabon_S.gif" date="(2004-10-05) 12:00.31:828"/>
<acces uri="localhost:8080/skin/logomsh.gif" date="(2004-10-05) 12:00.31:838"/>
<acces uri="localhost:8080/favicon.ico" date="(2004-10-05) 12:00.32:088"/>
<acces uri="localhost:8080/favicon.ico" date="(2004-10-05) 12:00.38:497"/>
<acces uri="Unknown-hostUnknown-URI" date="(2004-10-05) 12:01.04:665"/>
<acces uri="localhost:8080/" date="(2004-10-05) 12:01.19:176"/>
<acces uri="localhost:8080/images/medina/Vue-aer.jpg" date="(2004-10-05) 12:01.19:256"/>
<acces uri="localhost:8080/favicon.ico" date="(2004-10-05) 12:01.19:556"/>
<acces uri="localhost:8080/" date="(2004-10-05) 12:02.07:475"/>
<acces uri="localhost:8080/skin/strabon1.css" date="(2004-10-05) 12:02.07:505"/>
<acces uri="localhost:8080/skin/strabon_S.gif" date="(2004-10-05) 12:02.07:576"/>
<acces uri="localhost:8080/skin/eumedis_fr_S.gif" date="(2004-10-05) 12:02.07:586"/>
<acces uri="localhost:8080/images/medina/Vue-aer.jpg" date="(2004-10-05) 12:02.07:596"/>
<acces uri="localhost:8080/skin/logomsh.gif" date="(2004-10-05) 12:02.07:606"/>
<acces uri="localhost:8080/favicon.ico" date="(2004-10-05) 12:02.07:846"/>
<acces uri="localhost:8080/" date="(2004-10-05) 12:02.39:151"/>
<acces uri="localhost:8080/skin/strabon1.css" date="(2004-10-05) 12:02.39:191"/>
<acces uri="localhost:8080/skin/strabon_S.gif" date="(2004-10-05) 12:02.39:241"/>
<acces uri="localhost:8080/skin/eumedis_fr_S.gif" date="(2004-10-05) 12:02.39:251"/>
<acces uri="localhost:8080/skin/logomsh.gif" date="(2004-10-05) 12:02.39:261"/>
<acces uri="localhost:8080/images/medina/Vue-aer.jpg" date="(2004-10-05) 12:02.39:261"/>
<acces uri="localhost:8080/favicon.ico" date="(2004-10-05) 12:02.39:471"/>
<acces uri="localhost:8080/" date="(2004-10-05) 12:04.18:293"/>
<acces uri="localhost:8080/skin/strabon1.css" date="(2004-10-05) 12:04.18:324"/>
<acces uri="localhost:8080/skin/strabon_S.gif" date="(2004-10-05) 12:04.18:404"/>
<acces uri="localhost:8080/skin/eumedis_fr_S.gif" date="(2004-10-05) 12:04.18:404"/>
<acces uri="localhost:8080/images/medina/Vue-aer.jpg" date="(2004-10-05) 12:04.18:414"/>
<acces uri="localhost:8080/skin/logomsh.gif" date="(2004-10-05) 12:04.18:424"/>
<acces uri="localhost:8080/favicon.ico" date="(2004-10-05) 12:04.18:644"/>
<acces uri="localhost:8080/" date="(2004-10-05) 12:04.48:106"/>
<acces uri="localhost:8080/skin/strabon1.css" date="(2004-10-05) 12:04.48:156"/>
<acces uri="localhost:8080/skin/strabon_S.gif" date="(2004-10-05) 12:04.48:267"/>
<acces uri="localhost:8080/skin/eumedis_fr_S.gif" date="(2004-10-05) 12:04.48:277"/>
<acces uri="localhost:8080/images/medina/Vue-aer.jpg" date="(2004-10-05) 12:04.48:277"/>
<acces uri="localhost:8080/skin/logomsh.gif" date="(2004-10-05) 12:04.48:297"/>
<acces uri="localhost:8080/favicon.ico" date="(2004-10-05) 12:04.48:527"/>
<acces uri="localhost:8080/" date="(2004-10-05) 12:10.00:996"/>
<acces uri="localhost:8080/skin/strabon1.css" date="(2004-10-05) 12:10.01:026"/>
<acces uri="localhost:8080/skin/eumedis_fr_S.gif" date="(2004-10-05) 12:10.01:096"/>
<acces uri="localhost:8080/skin/strabon_S.gif" date="(2004-10-05) 12:10.01:106"/>
<acces uri="localhost:8080/images/medina/Vue-aer.jpg" date="(2004-10-05) 12:10.01:106"/>
<acces uri="localhost:8080/skin/logomsh.gif" date="(2004-10-05) 12:10.01:116"/>
<acces uri="localhost:8080/favicon.ico" date="(2004-10-05) 12:10.01:357"/>
<acces uri="localhost:8080/ma.strabon.org/index_ar.html" date="(2004-10-05) 12:10.42:726"/>
<acces uri="localhost:8080/favicon.ico" date="(2004-10-05) 12:10.43:297"/>
<acces uri="localhost:8080/favicon.ico" date="(2004-10-05) 12:10.55:194"/>
<acces uri="localhost:8080/" date="(2004-10-05) 12:22.55:961"/>
<acces uri="localhost:8080/skin/strabon1.css" date="(2004-10-05) 12:22.56:011"/>
<acces uri="localhost:8080/skin/eumedis_fr_S.gif" date="(2004-10-05) 12:22.56:121"/>
<acces uri="localhost:8080/skin/strabon_S.gif" date="(2004-10-05) 12:22.56:131"/>
<acces uri="localhost:8080/images/medina/Vue-aer.jpg" date="(2004-10-05) 12:22.56:131"/>
<acces uri="localhost:8080/skin/logomsh.gif" date="(2004-10-05) 12:22.56:141"/>
<acces uri="localhost:8080/favicon.ico" date="(2004-10-05) 12:22.56:381"/>
<acces uri="localhost:8080/" date="(2004-10-05) 12:23.10:341"/>
<acces uri="localhost:8080/skin/strabon1.css" date="(2004-10-05) 12:23.10:371"/>
<acces uri="localhost:8080/skin/eumedis_fr_S.gif" date="(2004-10-05) 12:23.10:451"/>
<acces uri="localhost:8080/skin/strabon_S.gif" date="(2004-10-05) 12:23.10:451"/>
<acces uri="localhost:8080/images/medina/Vue-aer.jpg" date="(2004-10-05) 12:23.10:461"/>
<acces uri="localhost:8080/skin/logomsh.gif" date="(2004-10-05) 12:23.10:471"/>
<acces uri="localhost:8080/favicon.ico" date="(2004-10-05) 12:23.10:702"/>
<acces uri="localhost:8080/" date="(2004-10-05) 12:23.28:247"/>
<acces uri="localhost:8080/skin/strabon1.css" date="(2004-10-05) 12:23.28:277"/>
<acces uri="localhost:8080/skin/strabon_S.gif" date="(2004-10-05) 12:23.28:357"/>
<acces uri="localhost:8080/skin/eumedis_fr_S.gif" date="(2004-10-05) 12:23.28:357"/>
<acces uri="localhost:8080/images/medina/Vue-aer.jpg" date="(2004-10-05) 12:23.28:367"/>
<acces uri="localhost:8080/skin/logomsh.gif" date="(2004-10-05) 12:23.28:377"/>
<acces uri="localhost:8080/favicon.ico" date="(2004-10-05) 12:23.28:608"/>
<acces uri="localhost:8080/" date="(2004-10-05) 12:23.49:097"/>
<acces uri="localhost:8080/skin/strabon1.css" date="(2004-10-05) 12:23.49:137"/>
<acces uri="localhost:8080/skin/eumedis_fr_S.gif" date="(2004-10-05) 12:23.49:197"/>
<acces uri="localhost:8080/skin/strabon_S.gif" date="(2004-10-05) 12:23.49:207"/>
<acces uri="localhost:8080/skin/logomsh.gif" date="(2004-10-05) 12:23.49:237"/>
<acces uri="localhost:8080/images/medina/Vue-aer.jpg" date="(2004-10-05) 12:23.49:237"/>
<acces uri="localhost:8080/favicon.ico" date="(2004-10-05) 12:23.49:478"/>
<acces uri="localhost:8080/" date="(2004-10-05) 12:25.00:600"/>
<acces uri="localhost:8080/favicon.ico" date="(2004-10-05) 12:25.00:870"/>
<acces uri="localhost:8080/" date="(2004-10-05) 12:28.01:730"/>
<acces uri="localhost:8080/favicon.ico" date="(2004-10-05) 12:28.01:951"/>
<acces uri="localhost:8080/" date="(2004-10-05) 12:28.22:530"/>
<acces uri="localhost:8080/skin/strabon1.css" date="(2004-10-05) 12:28.22:560"/>
<acces uri="localhost:8080/skin/eumedis_fr_S.gif" date="(2004-10-05) 12:28.22:680"/>
<acces uri="localhost:8080/skin/strabon_S.gif" date="(2004-10-05) 12:28.22:680"/>
<acces uri="localhost:8080/images/medina/Vue-aer.jpg" date="(2004-10-05) 12:28.22:690"/>
<acces uri="localhost:8080/skin/logomsh.gif" date="(2004-10-05) 12:28.22:690"/>
<acces uri="localhost:8080/favicon.ico" date="(2004-10-05) 12:28.22:911"/>
<acces uri="localhost:8080/favicon.ico" date="(2004-10-05) 12:32.33:291"/>
<acces uri="localhost:8080/favicon.ico" date="(2004-10-05) 12:32.38:488"/>
<acces uri="localhost:8080/favicon.ico" date="(2004-10-05) 12:36.06:397"/>
<acces uri="localhost:8080/" date="(2004-10-05) 12:36.09:121"/>
<acces uri="localhost:8080/skin/strabon1.css" date="(2004-10-05) 12:36.09:251"/>
<acces uri="localhost:8080/skin/strabon_S.gif" date="(2004-10-05) 12:36.09:271"/>
<acces uri="localhost:8080/skin/eumedis_fr_S.gif" date="(2004-10-05) 12:36.09:281"/>
<acces uri="localhost:8080/images/medina/Vue-aer.jpg" date="(2004-10-05) 12:36.09:281"/>
<acces uri="localhost:8080/skin/logomsh.gif" date="(2004-10-05) 12:36.09:291"/>
<acces uri="localhost:8080/favicon.ico" date="(2004-10-05) 12:36.09:572"/>
<acces uri="localhost:8080/" date="(2004-10-05) 12:44.32:976"/>
<acces uri="localhost:8080/skin/strabon1.css" date="(2004-10-05) 12:44.33:296"/>
<acces uri="localhost:8080/skin/strabon_S.gif" date="(2004-10-05) 12:44.33:426"/>
<acces uri="localhost:8080/skin/eumedis_fr_S.gif" date="(2004-10-05) 12:44.33:436"/>
<acces uri="localhost:8080/images/medina/Vue-aer.jpg" date="(2004-10-05) 12:44.33:456"/>
<acces uri="localhost:8080/skin/logomsh.gif" date="(2004-10-05) 12:44.33:456"/>
<acces uri="localhost:8080/favicon.ico" date="(2004-10-05) 12:44.33:687"/>
<acces uri="localhost:8080/favicon.ico" date="(2004-10-05) 12:45.16:568"/>
<acces uri="localhost:8080/" date="(2004-10-05) 12:47.52:513"/>
<acces uri="localhost:8080/skin/strabon1.css" date="(2004-10-05) 12:47.52:533"/>
<acces uri="localhost:8080/skin/eumedis_fr_S.gif" date="(2004-10-05) 12:47.52:613"/>
<acces uri="localhost:8080/skin/strabon_S.gif" date="(2004-10-05) 12:47.52:623"/>
<acces uri="localhost:8080/images/medina/Vue-aer.jpg" date="(2004-10-05) 12:47.52:623"/>
<acces uri="localhost:8080/skin/logomsh.gif" date="(2004-10-05) 12:47.52:633"/>
<acces uri="localhost:8080/favicon.ico" date="(2004-10-05) 12:47.52:913"/>
<acces uri="localhost:8080/" date="(2004-10-05) 12:51.04:829"/>
<acces uri="localhost:8080/skin/strabon1.css" date="(2004-10-05) 12:51.04:849"/>
<acces uri="localhost:8080/skin/eumedis_fr_S.gif" date="(2004-10-05) 12:51.04:929"/>
<acces uri="localhost:8080/skin/strabon_S.gif" date="(2004-10-05) 12:51.04:939"/>
<acces uri="localhost:8080/images/medina/Vue-aer.jpg" date="(2004-10-05) 12:51.04:939"/>
<acces uri="localhost:8080/skin/logomsh.gif" date="(2004-10-05) 12:51.04:949"/>
<acces uri="localhost:8080/favicon.ico" date="(2004-10-05) 12:51.05:190"/>
<acces uri="localhost:8080/" date="(2004-10-05) 12:51.40:270"/>
<acces uri="localhost:8080/skin/strabon1.css" date="(2004-10-05) 12:51.40:290"/>
<acces uri="localhost:8080/skin/eumedis_fr_S.gif" date="(2004-10-05) 12:51.40:390"/>
<acces uri="localhost:8080/skin/strabon_S.gif" date="(2004-10-05) 12:51.40:400"/>
<acces uri="localhost:8080/images/medina/Vue-aer.jpg" date="(2004-10-05) 12:51.40:410"/>
<acces uri="localhost:8080/skin/logomsh.gif" date="(2004-10-05) 12:51.40:410"/>
<acces uri="localhost:8080/favicon.ico" date="(2004-10-05) 12:51.40:651"/>
<acces uri="localhost:8080/" date="(2004-10-05) 12:51.55:232"/>
<acces uri="localhost:8080/skin/strabon1.css" date="(2004-10-05) 12:51.55:282"/>
<acces uri="localhost:8080/skin/strabon_S.gif" date="(2004-10-05) 12:51.55:412"/>
<acces uri="localhost:8080/skin/eumedis_fr_S.gif" date="(2004-10-05) 12:51.55:422"/>
<acces uri="localhost:8080/images/medina/Vue-aer.jpg" date="(2004-10-05) 12:51.55:432"/>
<acces uri="localhost:8080/skin/logomsh.gif" date="(2004-10-05) 12:51.55:432"/>
<acces uri="localhost:8080/favicon.ico" date="(2004-10-05) 12:51.55:662"/>
<acces uri="localhost:8080/" date="(2004-10-05) 12:52.48:258"/>
<acces uri="localhost:8080/favicon.ico" date="(2004-10-05) 12:52.48:528"/>
<acces uri="localhost:8080/" date="(2004-10-05) 12:53.00:545"/>
<acces uri="localhost:8080/favicon.ico" date="(2004-10-05) 12:53.00:786"/>
<acces uri="localhost:8080/" date="(2004-10-05) 12:53.22:106"/>
<acces uri="localhost:8080/skin/strabon1.css" date="(2004-10-05) 12:53.22:147"/>
<acces uri="localhost:8080/skin/eumedis_fr_S.gif" date="(2004-10-05) 12:53.22:277"/>
<acces uri="localhost:8080/skin/strabon_S.gif" date="(2004-10-05) 12:53.22:287"/>
<acces uri="localhost:8080/images/medina/Vue-aer.jpg" date="(2004-10-05) 12:53.22:297"/>
<acces uri="localhost:8080/skin/logomsh.gif" date="(2004-10-05) 12:53.22:297"/>
<acces uri="localhost:8080/favicon.ico" date="(2004-10-05) 12:53.22:527"/>
<acces uri="localhost:8080/" date="(2004-10-05) 12:53.32:071"/>
<acces uri="localhost:8080/skin/strabon1.css" date="(2004-10-05) 12:53.32:111"/>
<acces uri="localhost:8080/skin/strabon_S.gif" date="(2004-10-05) 12:53.32:171"/>
<acces uri="localhost:8080/skin/eumedis_fr_S.gif" date="(2004-10-05) 12:53.32:181"/>
<acces uri="localhost:8080/images/medina/Vue-aer.jpg" date="(2004-10-05) 12:53.32:181"/>
<acces uri="localhost:8080/skin/logomsh.gif" date="(2004-10-05) 12:53.32:211"/>
<acces uri="localhost:8080/favicon.ico" date="(2004-10-05) 12:53.32:441"/>
<acces uri="localhost:8080/ma.strabon.org/5-Activites%20et%20loisirs/index_fr.html" date="(2004-10-05) 12:58.35:818"/>
<acces uri="localhost:8080/favicon.ico" date="(2004-10-05) 12:58.36:118"/>
<acces uri="localhost:8080/favicon.ico" date="(2004-10-05) 12:58.39:303"/>
<acces uri="localhost:8080/" date="(2004-10-05) 13:00.15:391"/>
<acces uri="localhost:8080/skin/strabon1.css" date="(2004-10-05) 13:00.15:411"/>
<acces uri="localhost:8080/skin/strabon_S.gif" date="(2004-10-05) 13:00.15:511"/>
<acces uri="localhost:8080/skin/eumedis_fr_S.gif" date="(2004-10-05) 13:00.15:521"/>
<acces uri="localhost:8080/images/medina/Vue-aer.jpg" date="(2004-10-05) 13:00.15:531"/>
<acces uri="localhost:8080/skin/logomsh.gif" date="(2004-10-05) 13:00.15:531"/>
<acces uri="localhost:8080/favicon.ico" date="(2004-10-05) 13:00.15:781"/>
<acces uri="localhost:8080/" date="(2004-10-05) 13:06.56:888"/>
<acces uri="localhost:8080/skin/strabon1.css" date="(2004-10-05) 13:06.56:918"/>
<acces uri="localhost:8080/skin/eumedis_fr_S.gif" date="(2004-10-05) 13:06.57:008"/>
<acces uri="localhost:8080/skin/strabon_S.gif" date="(2004-10-05) 13:06.57:018"/>
<acces uri="localhost:8080/images/medina/Vue-aer.jpg" date="(2004-10-05) 13:06.57:028"/>
<acces uri="localhost:8080/skin/logomsh.gif" date="(2004-10-05) 13:06.57:028"/>
<acces uri="localhost:8080/favicon.ico" date="(2004-10-05) 13:06.57:259"/>
<acces uri="localhost:8080/" date="(2004-10-05) 13:07.37:016"/>
<acces uri="localhost:8080/skin/strabon1.css" date="(2004-10-05) 13:07.37:056"/>
<acces uri="localhost:8080/skin/strabon_S.gif" date="(2004-10-05) 13:07.37:156"/>
<acces uri="localhost:8080/skin/eumedis_fr_S.gif" date="(2004-10-05) 13:07.37:166"/>
<acces uri="localhost:8080/images/medina/Vue-aer.jpg" date="(2004-10-05) 13:07.37:166"/>
<acces uri="localhost:8080/skin/logomsh.gif" date="(2004-10-05) 13:07.37:176"/>
<acces uri="localhost:8080/favicon.ico" date="(2004-10-05) 13:07.37:406"/>
<acces uri="localhost:8080/" date="(2004-10-05) 13:08.31:664"/>
<acces uri="localhost:8080/skin/strabon1.css" date="(2004-10-05) 13:08.31:684"/>
<acces uri="localhost:8080/skin/strabon_S.gif" date="(2004-10-05) 13:08.31:775"/>
<acces uri="localhost:8080/skin/eumedis_fr_S.gif" date="(2004-10-05) 13:08.31:785"/>
<acces uri="localhost:8080/images/medina/Vue-aer.jpg" date="(2004-10-05) 13:08.31:785"/>
<acces uri="localhost:8080/skin/logomsh.gif" date="(2004-10-05) 13:08.31:795"/>
<acces uri="localhost:8080/favicon.ico" date="(2004-10-05) 13:08.32:025"/>
<acces uri="localhost:8080/" date="(2004-10-05) 13:08.43:201"/>
<acces uri="localhost:8080/skin/strabon1.css" date="(2004-10-05) 13:08.43:251"/>
<acces uri="localhost:8080/skin/strabon_S.gif" date="(2004-10-05) 13:08.43:381"/>
<acces uri="localhost:8080/skin/eumedis_fr_S.gif" date="(2004-10-05) 13:08.43:381"/>
<acces uri="localhost:8080/images/medina/Vue-aer.jpg" date="(2004-10-05) 13:08.43:401"/>
<acces uri="localhost:8080/skin/logomsh.gif" date="(2004-10-05) 13:08.43:401"/>
<acces uri="localhost:8080/favicon.ico" date="(2004-10-05) 13:08.43:632"/>
<acces uri="localhost:8080/index_en.html" date="(2004-10-05) 13:08.52:204"/>
<acces uri="localhost:8080/favicon.ico" date="(2004-10-05) 13:08.52:695"/>
<acces uri="localhost:8080/index_ar.html" date="(2004-10-05) 13:09.07:486"/>
<acces uri="localhost:8080/favicon.ico" date="(2004-10-05) 13:09.07:947"/>
<acces uri="localhost:8080/index_ar.html" date="(2004-10-05) 13:09.20:955"/>
<acces uri="localhost:8080/favicon.ico" date="(2004-10-05) 13:09.21:226"/>
<acces uri="localhost:8080/index_ar.html" date="(2004-10-05) 13:09.28:907"/>
<acces uri="localhost:8080/favicon.ico" date="(2004-10-05) 13:09.29:187"/>
<acces uri="localhost:8080/index_en.html" date="(2004-10-05) 13:09.34:114"/>
<acces uri="localhost:8080/favicon.ico" date="(2004-10-05) 13:09.34:545"/>
<acces uri="localhost:8080/index_en.html" date="(2004-10-05) 13:10.56:433"/>
<acces uri="localhost:8080/skin/strabon1.css" date="(2004-10-05) 13:10.56:483"/>
<acces uri="localhost:8080/skin/strabon_S.gif" date="(2004-10-05) 13:10.56:603"/>
<acces uri="localhost:8080/skin/logomsh.gif" date="(2004-10-05) 13:10.56:623"/>
<acces uri="localhost:8080/skin/eumedis_fr_S.gif" date="(2004-10-05) 13:10.56:623"/>
<acces uri="localhost:8080/favicon.ico" date="(2004-10-05) 13:10.56:953"/>
<acces uri="localhost:8080/index_ar.html" date="(2004-10-05) 13:11.02:651"/>
<acces uri="localhost:8080/favicon.ico" date="(2004-10-05) 13:11.02:902"/>
<acces uri="localhost:8080/index_ar.html" date="(2004-10-05) 13:11.34:057"/>
<acces uri="localhost:8080/favicon.ico" date="(2004-10-05) 13:11.34:307"/>
<acces uri="localhost:8080/index_ar.html" date="(2004-10-05) 13:12.11:130"/>
<acces uri="localhost:8080/skin/strabon1.css" date="(2004-10-05) 13:12.11:150"/>
<acces uri="localhost:8080/skin/strabon_S.gif" date="(2004-10-05) 13:12.11:230"/>
<acces uri="localhost:8080/skin/eumedis_fr_S.gif" date="(2004-10-05) 13:12.11:230"/>
<acces uri="localhost:8080/skin/logomsh.gif" date="(2004-10-05) 13:12.11:240"/>
<acces uri="localhost:8080/favicon.ico" date="(2004-10-05) 13:12.11:440"/>
<acces uri="localhost:8080/index_ar.html" date="(2004-10-05) 13:12.24:279"/>
<acces uri="localhost:8080/skin/strabon1.css" date="(2004-10-05) 13:12.24:309"/>
<acces uri="localhost:8080/skin/strabon_S.gif" date="(2004-10-05) 13:12.24:389"/>
<acces uri="localhost:8080/skin/eumedis_fr_S.gif" date="(2004-10-05) 13:12.24:399"/>
<acces uri="localhost:8080/skin/logomsh.gif" date="(2004-10-05) 13:12.24:399"/>
<acces uri="localhost:8080/favicon.ico" date="(2004-10-05) 13:12.24:599"/>
<acces uri="localhost:8080/index_ar.html" date="(2004-10-05) 13:13.20:169"/>
<acces uri="localhost:8080/skin/strabon1.css" date="(2004-10-05) 13:13.20:189"/>
<acces uri="localhost:8080/skin/strabon_S.gif" date="(2004-10-05) 13:13.20:269"/>
<acces uri="localhost:8080/skin/eumedis_fr_S.gif" date="(2004-10-05) 13:13.20:279"/>
<acces uri="localhost:8080/skin/logomsh.gif" date="(2004-10-05) 13:13.20:279"/>
<acces uri="localhost:8080/favicon.ico" date="(2004-10-05) 13:13.20:500"/>
<acces uri="localhost:8080/index_ar.html" date="(2004-10-05) 13:13.41:690"/>
<acces uri="localhost:8080/skin/strabon1.css" date="(2004-10-05) 13:13.41:710"/>
<acces uri="localhost:8080/skin/eumedis_fr_S.gif" date="(2004-10-05) 13:13.41:790"/>
<acces uri="localhost:8080/skin/strabon_S.gif" date="(2004-10-05) 13:13.41:790"/>
<acces uri="localhost:8080/skin/logomsh.gif" date="(2004-10-05) 13:13.41:800"/>
<acces uri="localhost:8080/favicon.ico" date="(2004-10-05) 13:13.42:011"/>
<acces uri="localhost:8080/index_ar.html" date="(2004-10-05) 13:13.56:792"/>
<acces uri="localhost:8080/skin/strabon1.css" date="(2004-10-05) 13:13.56:812"/>
<acces uri="localhost:8080/skin/strabon_S.gif" date="(2004-10-05) 13:13.56:892"/>
<acces uri="localhost:8080/skin/eumedis_fr_S.gif" date="(2004-10-05) 13:13.56:902"/>
<acces uri="localhost:8080/skin/logomsh.gif" date="(2004-10-05) 13:13.56:902"/>
<acces uri="localhost:8080/favicon.ico" date="(2004-10-05) 13:13.57:102"/>
<acces uri="localhost:8080/index_fr.html" date="(2004-10-05) 13:14.03:862"/>
<acces uri="localhost:8080/favicon.ico" date="(2004-10-05) 13:14.04:152"/>
<acces uri="localhost:8080/index_en.html" date="(2004-10-05) 13:14.10:121"/>
<acces uri="localhost:8080/favicon.ico" date="(2004-10-05) 13:14.10:522"/>
<acces uri="localhost:8080/" date="(2004-10-05) 13:14.20:185"/>
<acces uri="localhost:8080/favicon.ico" date="(2004-10-05) 13:14.20:476"/>
<acces uri="localhost:8080/" date="(2004-10-05) 13:18.05:990"/>
<acces uri="localhost:8080/skin/strabon1.css" date="(2004-10-05) 13:18.06:030"/>
<acces uri="localhost:8080/skin/strabon_S.gif" date="(2004-10-05) 13:18.06:120"/>
<acces uri="localhost:8080/skin/eumedis_fr_S.gif" date="(2004-10-05) 13:18.06:120"/>
<acces uri="localhost:8080/images/medina/Vue-aer.jpg" date="(2004-10-05) 13:18.06:130"/>
<acces uri="localhost:8080/skin/logomsh.gif" date="(2004-10-05) 13:18.06:130"/>
<acces uri="localhost:8080/favicon.ico" date="(2004-10-05) 13:18.06:371"/>
<acces uri="localhost:8080/" date="(2004-10-05) 13:21.01:893"/>
<acces uri="localhost:8080/skin/strabon1.css" date="(2004-10-05) 13:21.02:013"/>
<acces uri="localhost:8080/skin/eumedis_fr_S.gif" date="(2004-10-05) 13:21.02:214"/>
<acces uri="localhost:8080/skin/strabon_S.gif" date="(2004-10-05) 13:21.02:224"/>
<acces uri="localhost:8080/images/medina/Vue-aer.jpg" date="(2004-10-05) 13:21.02:234"/>
<acces uri="localhost:8080/skin/logomsh.gif" date="(2004-10-05) 13:21.02:234"/>
<acces uri="localhost:8080/favicon.ico" date="(2004-10-05) 13:21.02:474"/>
<acces uri="localhost:8080/" date="(2004-10-05) 13:27.53:255"/>
<acces uri="localhost:8080/skin/strabon1.css" date="(2004-10-05) 13:27.53:275"/>
<acces uri="localhost:8080/skin/eumedis_fr_S.gif" date="(2004-10-05) 13:27.53:355"/>
<acces uri="localhost:8080/skin/strabon_S.gif" date="(2004-10-05) 13:27.53:365"/>
<acces uri="localhost:8080/images/medina/Vue-aer.jpg" date="(2004-10-05) 13:27.53:365"/>
<acces uri="localhost:8080/skin/logomsh.gif" date="(2004-10-05) 13:27.53:375"/>
<acces uri="localhost:8080/favicon.ico" date="(2004-10-05) 13:27.53:595"/>
<acces uri="localhost:8080/" date="(2004-10-05) 13:29.55:721"/>
<acces uri="localhost:8080/skin/strabon1.css" date="(2004-10-05) 13:29.55:741"/>
<acces uri="localhost:8080/skin/eumedis_fr_S.gif" date="(2004-10-05) 13:29.55:861"/>
<acces uri="localhost:8080/skin/strabon_S.gif" date="(2004-10-05) 13:29.55:871"/>
<acces uri="localhost:8080/images/medina/Vue-aer.jpg" date="(2004-10-05) 13:29.55:871"/>
<acces uri="localhost:8080/skin/logomsh.gif" date="(2004-10-05) 13:29.55:871"/>
<acces uri="localhost:8080/favicon.ico" date="(2004-10-05) 13:29.56:111"/>
<acces uri="localhost:8080/" date="(2004-10-05) 13:35.44:062"/>
<acces uri="localhost:8080/favicon.ico" date="(2004-10-05) 13:35.44:282"/>
<acces uri="localhost:8080/" date="(2004-10-05) 13:38.16:391"/>
<acces uri="localhost:8080/skin/strabon1.css" date="(2004-10-05) 13:38.16:431"/>
<acces uri="localhost:8080/favicon.ico" date="(2004-10-05) 13:38.16:711"/>
<acces uri="localhost:8080/index_ar.html" date="(2004-10-05) 13:38.31:252"/>
<acces uri="localhost:8080/favicon.ico" date="(2004-10-05) 13:38.31:502"/>
<acces uri="localhost:8080/index_fr.html" date="(2004-10-05) 13:38.36:880"/>
<acces uri="localhost:8080/favicon.ico" date="(2004-10-05) 13:38.37:161"/>
<acces uri="localhost:8080/index_fr.html" date="(2004-10-05) 13:40.15:542"/>
<acces uri="localhost:8080/skin/strabon1.css" date="(2004-10-05) 13:40.15:582"/>
<acces uri="localhost:8080/skin/eumedis_fr_S.gif" date="(2004-10-05) 13:40.15:652"/>
<acces uri="localhost:8080/images/medina/Vue-aer.jpg" date="(2004-10-05) 13:40.15:652"/>
<acces uri="localhost:8080/skin/strabon_S.gif" date="(2004-10-05) 13:40.15:662"/>
<acces uri="localhost:8080/skin/logomsh.gif" date="(2004-10-05) 13:40.15:682"/>
<acces uri="localhost:8080/favicon.ico" date="(2004-10-05) 13:40.15:953"/>
<acces uri="localhost:8080/index_fr.html" date="(2004-10-05) 13:40.40:959"/>
<acces uri="localhost:8080/skin/strabon1.css" date="(2004-10-05) 13:40.40:979"/>
<acces uri="localhost:8080/skin/eumedis_fr_S.gif" date="(2004-10-05) 13:40.41:069"/>
<acces uri="localhost:8080/skin/strabon_S.gif" date="(2004-10-05) 13:40.41:069"/>
<acces uri="localhost:8080/images/medina/Vue-aer.jpg" date="(2004-10-05) 13:40.41:079"/>
<acces uri="localhost:8080/skin/logomsh.gif" date="(2004-10-05) 13:40.41:079"/>
<acces uri="localhost:8080/favicon.ico" date="(2004-10-05) 13:40.41:339"/>
<acces uri="localhost:8080/index_fr.html" date="(2004-10-05) 13:41.38:621"/>
<acces uri="localhost:8080/skin/strabon1.css" date="(2004-10-05) 13:41.38:641"/>
<acces uri="localhost:8080/skin/strabon_S.gif" date="(2004-10-05) 13:41.38:722"/>
<acces uri="localhost:8080/skin/eumedis_fr_S.gif" date="(2004-10-05) 13:41.38:732"/>
<acces uri="localhost:8080/images/medina/Vue-aer.jpg" date="(2004-10-05) 13:41.38:732"/>
<acces uri="localhost:8080/skin/logomsh.gif" date="(2004-10-05) 13:41.38:732"/>
<acces uri="localhost:8080/favicon.ico" date="(2004-10-05) 13:41.39:012"/>
<acces uri="localhost:8080/index_fr.html" date="(2004-10-05) 13:44.12:803"/>
<acces uri="localhost:8080/favicon.ico" date="(2004-10-05) 13:44.13:023"/>
<acces uri="localhost:8080/index_fr.html" date="(2004-10-05) 13:44.42:957"/>
<acces uri="localhost:8080/skin/strabon1.css" date="(2004-10-05) 13:44.42:977"/>
<acces uri="localhost:8080/favicon.ico" date="(2004-10-05) 13:44.43:257"/>
<acces uri="localhost:8080/6-informations%20pratiques/index_fr.html" date="(2004-10-05) 13:44.49:826"/>
<acces uri="localhost:8080/favicon.ico" date="(2004-10-05) 13:44.50:297"/>
<acces uri="localhost:8080/" date="(2004-10-05) 13:45.25:418"/>
<acces uri="localhost:8080/favicon.ico" date="(2004-10-05) 13:45.25:708"/>
<acces uri="localhost:8080/3-region/index_fr.html" date="(2004-10-05) 13:45.31:606"/>
<acces uri="localhost:8080/images/prehistoire/region/elmnasra1/001.jpg" date="(2004-10-05) 13:45.31:907"/>
<acces uri="localhost:8080/favicon.ico" date="(2004-10-05) 13:45.31:967"/>
<acces uri="localhost:8080/3-region/index_fr.html" date="(2004-10-05) 13:45.47:299"/>
<acces uri="localhost:8080/favicon.ico" date="(2004-10-05) 13:45.47:579"/>
<acces uri="localhost:8080/" date="(2004-10-05) 13:45.57:924"/>
<acces uri="localhost:8080/favicon.ico" date="(2004-10-05) 13:45.58:215"/>
<acces uri="localhost:8080/1-rabat/index_fr.html" date="(2004-10-05) 13:46.04:133"/>
<acces uri="localhost:8080/images/medina/Rabat.jpg" date="(2004-10-05) 13:46.04:303"/>
<acces uri="localhost:8080/favicon.ico" date="(2004-10-05) 13:46.04:574"/>
<acces uri="localhost:8080/1-rabat/4fossa_fr.html" date="(2004-10-05) 13:46.14:929"/>
<acces uri="localhost:8080/images/fossa/fossa.jpg" date="(2004-10-05) 13:46.15:139"/>
<acces uri="localhost:8080/favicon.ico" date="(2004-10-05) 13:46.15:389"/>
<acces uri="localhost:8080/1-rabat/Architecture%20Coloniale/index_fr.html" date="(2004-10-05) 13:46.32:424"/>
<acces uri="localhost:8080/images/architecture/rabat/MAPRABAT-2.jpg" date="(2004-10-05) 13:46.32:674"/>
<acces uri="localhost:8080/favicon.ico" date="(2004-10-05) 13:46.33:015"/>
<acces uri="localhost:8080/1-rabat/" date="(2004-10-05) 13:46.49:729"/>
<acces uri="localhost:8080/favicon.ico" date="(2004-10-05) 13:46.49:999"/>
<acces uri="localhost:8080/" date="(2004-10-05) 13:46.53:845"/>
<acces uri="localhost:8080/favicon.ico" date="(2004-10-05) 13:46.54:135"/>
<acces uri="localhost:8080/1-rabat/index_fr.html" date="(2004-10-05) 13:47.02:717"/>
<acces uri="localhost:8080/favicon.ico" date="(2004-10-05) 13:47.02:978"/>
<acces uri="localhost:8080/" date="(2004-10-05) 13:47.05:642"/>
<acces uri="localhost:8080/favicon.ico" date="(2004-10-05) 13:47.05:942"/>
<acces uri="localhost:8080/glossary_fr.html" date="(2004-10-05) 13:47.16:938"/>
<acces uri="localhost:8080/favicon.ico" date="(2004-10-05) 13:47.17:509"/>
<acces uri="localhost:8080/1-rabat/index_fr.html" date="(2004-10-05) 13:47.44:918"/>
<acces uri="localhost:8080/favicon.ico" date="(2004-10-05) 13:47.45:199"/>
<acces uri="Unknown-hostUnknown-URI" date="(2004-10-05) 16:53.52:498"/>
<acces uri="localhost:8080/" date="(2004-10-05) 16:54.00:309"/>
<acces uri="localhost:8080/favicon.ico" date="(2004-10-05) 16:54.00:530"/>
<acces uri="localhost:8080/" date="(2004-10-05) 16:54.15:221"/>
<acces uri="localhost:8080/skin/strabon1.css" date="(2004-10-05) 16:54.15:291"/>
<acces uri="localhost:8080/skin/strabon_S.gif" date="(2004-10-05) 16:54.15:531"/>
<acces uri="localhost:8080/skin/eumedis_fr_S.gif" date="(2004-10-05) 16:54.15:531"/>
<acces uri="localhost:8080/skin/logomsh.gif" date="(2004-10-05) 16:54.15:611"/>
<acces uri="localhost:8080/favicon.ico" date="(2004-10-05) 16:54.15:902"/>
<acces uri="localhost:8080/favicon.ico" date="(2004-10-05) 16:54.23:342"/>
<acces uri="localhost:8080/favicon.ico" date="(2004-10-05) 16:56.26:239"/>
<acces uri="localhost:8080/" date="(2004-10-05) 16:56.29:364"/>
<acces uri="localhost:8080/skin/strabon1.css" date="(2004-10-05) 16:56.29:484"/>
<acces uri="localhost:8080/skin/strabon_S.gif" date="(2004-10-05) 16:56.29:504"/>
<acces uri="localhost:8080/skin/eumedis_fr_S.gif" date="(2004-10-05) 16:56.29:514"/>
<acces uri="localhost:8080/skin/logomsh.gif" date="(2004-10-05) 16:56.29:534"/>
<acces uri="localhost:8080/images/medina/Vue-aer.jpg" date="(2004-10-05) 16:56.29:534"/>
<acces uri="localhost:8080/favicon.ico" date="(2004-10-05) 16:56.29:764"/>
<acces uri="localhost:8080/" date="(2004-10-05) 16:56.45:216"/>
<acces uri="localhost:8080/skin/strabon1.css" date="(2004-10-05) 16:56.45:286"/>
<acces uri="localhost:8080/skin/strabon_S.gif" date="(2004-10-05) 16:56.45:296"/>
<acces uri="localhost:8080/skin/eumedis_fr_S.gif" date="(2004-10-05) 16:56.45:326"/>
<acces uri="localhost:8080/images/medina/Vue-aer.jpg" date="(2004-10-05) 16:56.45:326"/>
<acces uri="localhost:8080/skin/logomsh.gif" date="(2004-10-05) 16:56.45:336"/>
<acces uri="localhost:8080/favicon.ico" date="(2004-10-05) 16:56.45:557"/>
<acces uri="localhost:8080/favicon.ico" date="(2004-10-05) 16:56.49:282"/>
<acces uri="localhost:8080/favicon.ico" date="(2004-10-05) 16:56.54:339"/>
<acces uri="localhost:8080/" date="(2004-10-05) 16:57.17:242"/>
<acces uri="localhost:8080/skin/strabon1.css" date="(2004-10-05) 16:57.17:322"/>
<acces uri="localhost:8080/skin/strabon_S.gif" date="(2004-10-05) 16:57.17:332"/>
<acces uri="localhost:8080/skin/eumedis_fr_S.gif" date="(2004-10-05) 16:57.17:343"/>
<acces uri="localhost:8080/images/medina/Vue-aer.jpg" date="(2004-10-05) 16:57.17:353"/>
<acces uri="localhost:8080/skin/logomsh.gif" date="(2004-10-05) 16:57.17:353"/>
<acces uri="localhost:8080/favicon.ico" date="(2004-10-05) 16:57.17:583"/>
<acces uri="localhost:8080/" date="(2004-10-05) 16:57.31:513"/>
<acces uri="localhost:8080/skin/strabon1.css" date="(2004-10-05) 16:57.31:583"/>
<acces uri="localhost:8080/skin/strabon_S.gif" date="(2004-10-05) 16:57.31:603"/>
<acces uri="localhost:8080/images/medina/Vue-aer.jpg" date="(2004-10-05) 16:57.31:613"/>
<acces uri="localhost:8080/skin/eumedis_fr_S.gif" date="(2004-10-05) 16:57.31:623"/>
<acces uri="localhost:8080/skin/logomsh.gif" date="(2004-10-05) 16:57.31:633"/>
<acces uri="localhost:8080/favicon.ico" date="(2004-10-05) 16:57.31:853"/>
<acces uri="localhost:8080/favicon.ico" date="(2004-10-05) 16:57.35:759"/>
<acces uri="localhost:8080/favicon.ico" date="(2004-10-05) 16:57.39:825"/>
<acces uri="localhost:8080/favicon.ico" date="(2004-10-05) 16:58.04:651"/>
<acces uri="localhost:8080/" date="(2004-10-05) 16:59.07:060"/>
<acces uri="localhost:8080/skin/strabon1.css" date="(2004-10-05) 16:59.07:130"/>
<acces uri="localhost:8080/skin/strabon_S.gif" date="(2004-10-05) 16:59.07:150"/>
<acces uri="localhost:8080/skin/eumedis_fr_S.gif" date="(2004-10-05) 16:59.07:160"/>
<acces uri="localhost:8080/images/medina/Vue-aer.jpg" date="(2004-10-05) 16:59.07:170"/>
<acces uri="localhost:8080/skin/logomsh.gif" date="(2004-10-05) 16:59.07:170"/>
<acces uri="localhost:8080/favicon.ico" date="(2004-10-05) 16:59.07:481"/>
<acces uri="localhost:8080/" date="(2004-10-05) 16:59.21:241"/>
<acces uri="localhost:8080/skin/strabon1.css" date="(2004-10-05) 16:59.21:291"/>
<acces uri="localhost:8080/skin/strabon_S.gif" date="(2004-10-05) 16:59.21:311"/>
<acces uri="localhost:8080/skin/eumedis_fr_S.gif" date="(2004-10-05) 16:59.21:321"/>
<acces uri="localhost:8080/images/medina/Vue-aer.jpg" date="(2004-10-05) 16:59.21:321"/>
<acces uri="localhost:8080/skin/logomsh.gif" date="(2004-10-05) 16:59.21:331"/>
<acces uri="localhost:8080/favicon.ico" date="(2004-10-05) 16:59.21:551"/>
<acces uri="localhost:8080/favicon.ico" date="(2004-10-05) 16:59.47:078"/>
<acces uri="localhost:8080/3-region/index_fr.html" date="(2004-10-05) 17:00.08:749"/>
<acces uri="localhost:8080/skin/strabon1.css" date="(2004-10-05) 17:00.08:789"/>
<acces uri="localhost:8080/favicon.ico" date="(2004-10-05) 17:00.09:099"/>
<acces uri="localhost:8080/3-region/index_fr.html" date="(2004-10-05) 17:01.23:877"/>
<acces uri="localhost:8080/skin/strabon1.css" date="(2004-10-05) 17:01.23:917"/>
<acces uri="localhost:8080/skin/eumedis_fr_S.gif" date="(2004-10-05) 17:01.23:977"/>
<acces uri="localhost:8080/skin/strabon_S.gif" date="(2004-10-05) 17:01.23:987"/>
<acces uri="localhost:8080/skin/logomsh.gif" date="(2004-10-05) 17:01.23:997"/>
<acces uri="localhost:8080/images/prehistoire/region/elmnasra1/001.jpg" date="(2004-10-05) 17:01.23:997"/>
<acces uri="localhost:8080/favicon.ico" date="(2004-10-05) 17:01.24:228"/>
<acces uri="localhost:8080/" date="(2004-10-05) 17:01.28:454"/>
<acces uri="localhost:8080/favicon.ico" date="(2004-10-05) 17:01.28:734"/>
<acces uri="localhost:8080/images/rsr.html" date="(2004-10-05) 17:01.40:140"/>
<acces uri="localhost:8080/favicon.ico" date="(2004-10-05) 17:01.40:411"/>
<acces uri="localhost:8080/favicon.ico" date="(2004-10-05) 17:02.14:360"/>
<acces uri="localhost:8080/" date="(2004-10-05) 17:03.14:596"/>
<acces uri="localhost:8080/skin/strabon1.css" date="(2004-10-05) 17:03.14:636"/>
<acces uri="localhost:8080/skin/strabon_S.gif" date="(2004-10-05) 17:03.14:686"/>
<acces uri="localhost:8080/skin/eumedis_fr_S.gif" date="(2004-10-05) 17:03.14:696"/>
<acces uri="localhost:8080/images/medina/Vue-aer.jpg" date="(2004-10-05) 17:03.14:706"/>
<acces uri="localhost:8080/skin/logomsh.gif" date="(2004-10-05) 17:03.14:706"/>
<acces uri="localhost:8080/favicon.ico" date="(2004-10-05) 17:03.14:927"/>
<acces uri="localhost:8080/" date="(2004-10-05) 17:07.50:743"/>
<acces uri="localhost:8080/skin/strabon1.css" date="(2004-10-05) 17:07.50:773"/>
<acces uri="localhost:8080/skin/eumedis_fr_S.gif" date="(2004-10-05) 17:07.50:833"/>
<acces uri="localhost:8080/skin/strabon_S.gif" date="(2004-10-05) 17:07.50:843"/>
<acces uri="localhost:8080/images/medina/Vue-aer.jpg" date="(2004-10-05) 17:07.50:843"/>
<acces uri="localhost:8080/skin/logomsh.gif" date="(2004-10-05) 17:07.50:853"/>
<acces uri="localhost:8080/favicon.ico" date="(2004-10-05) 17:07.51:084"/>
<acces uri="localhost:8080/images/rsr.html" date="(2004-10-05) 17:07.54:459"/>
<acces uri="localhost:8080/favicon.ico" date="(2004-10-05) 17:07.54:759"/>
<acces uri="localhost:8080/favicon.ico" date="(2004-10-05) 17:07.56:842"/>
<acces uri="localhost:8080/images/rsr.html" date="(2004-10-05) 17:08.08:258"/>
<acces uri="localhost:8080/favicon.ico" date="(2004-10-05) 17:08.08:569"/>
<acces uri="localhost:8080/images/rsr.RDF" date="(2004-10-05) 17:08.13:356"/>
<acces uri="localhost:8080/resources/styles/html.css" date="(2004-10-05) 17:08.13:426"/>
<acces uri="localhost:8080/favicon.ico" date="(2004-10-05) 17:08.13:656"/>
<acces uri="localhost:8080/images/rsr.rdf" date="(2004-10-05) 17:08.21:347"/>
<acces uri="localhost:8080/favicon.ico" date="(2004-10-05) 17:08.21:658"/>
<acces uri="localhost:8080/images/rsr.html" date="(2004-10-05) 17:08.44:340"/>
<acces uri="localhost:8080/favicon.ico" date="(2004-10-05) 17:08.44:581"/>
<acces uri="localhost:8080/images/rsr.html" date="(2004-10-05) 17:09.50:295"/>
<acces uri="localhost:8080/skin/strabon1.css" date="(2004-10-05) 17:09.50:355"/>
<acces uri="localhost:8080/skin/eumedis_fr_S.gif" date="(2004-10-05) 17:09.50:445"/>
<acces uri="localhost:8080/skin/strabon_S.gif" date="(2004-10-05) 17:09.50:445"/>
<acces uri="localhost:8080/skin/logomsh.gif" date="(2004-10-05) 17:09.50:455"/>
<acces uri="localhost:8080/images/rsr.jpg" date="(2004-10-05) 17:09.50:465"/>
<acces uri="localhost:8080/favicon.ico" date="(2004-10-05) 17:09.50:696"/>
<acces uri="localhost:8080/images/medina/Rabat.html" date="(2004-10-05) 17:09.59:418"/>
<acces uri="localhost:8080/images/medina/Rabat.jpg" date="(2004-10-05) 17:09.59:508"/>
<acces uri="localhost:8080/favicon.ico" date="(2004-10-05) 17:09.59:739"/>
<acces uri="localhost:8080/images/" date="(2004-10-05) 17:10.04:045"/>
<acces uri="localhost:8080/images/Hotels/Balima%20facade_200.jpg" date="(2004-10-05) 17:10.06:819"/>
<acces uri="localhost:8080/images/Sports/Golf%20dar%20essalam_200.jpg" date="(2004-10-05) 17:10.06:999"/>
<acces uri="localhost:8080/images/autres/MR02009N_200.jpg" date="(2004-10-05) 17:10.07:069"/>
<acces uri="localhost:8080/images/chellah/challah_200.jpg" date="(2004-10-05) 17:10.07:400"/>
<acces uri="localhost:8080/images/fossa/002_200.jpg" date="(2004-10-05) 17:10.07:420"/>
<acces uri="localhost:8080/images/khediss/001_200.jpg" date="(2004-10-05) 17:10.07:530"/>
<acces uri="localhost:8080/images/medina/Rabat_200.jpg" date="(2004-10-05) 17:10.07:630"/>
<acces uri="localhost:8080/images/oudays/003_200.jpg" date="(2004-10-05) 17:10.07:750"/>
<acces uri="localhost:8080/images/patrimoine%20naturel/Plage1_200.jpg" date="(2004-10-05) 17:10.07:760"/>
<acces uri="localhost:8080/images/patrimoine_naturel/patrimoine_200.jpg" date="(2004-10-05) 17:10.07:790"/>
<acces uri="localhost:8080/images/rsr_200.jpg" date="(2004-10-05) 17:10.07:891"/>
<acces uri="localhost:8080/favicon.ico" date="(2004-10-05) 17:10.08:201"/>
<acces uri="localhost:8080/" date="(2004-10-05) 17:10.11:165"/>
<acces uri="localhost:8080/favicon.ico" date="(2004-10-05) 17:10.11:446"/>
<acces uri="Unknown-hostUnknown-URI" date="(2004-10-05) 20:37.29:149"/>
<acces uri="localhost:8080/" date="(2004-10-05) 20:38.10:739"/>
<acces uri="localhost:8080/favicon.ico" date="(2004-10-05) 20:38.10:969"/>
<acces uri="localhost:8080/" date="(2004-10-05) 20:38.27:403"/>
<acces uri="localhost:8080/skin/strabon1.css" date="(2004-10-05) 20:38.27:493"/>
<acces uri="localhost:8080/skin/eumedis_fr_S.gif" date="(2004-10-05) 20:38.27:553"/>
<acces uri="localhost:8080/skin/strabon_S.gif" date="(2004-10-05) 20:38.27:553"/>
<acces uri="localhost:8080/skin/logomsh.gif" date="(2004-10-05) 20:38.27:613"/>
<acces uri="localhost:8080/favicon.ico" date="(2004-10-05) 20:38.27:903"/>
<acces uri="localhost:8080/images/rsr.html" date="(2004-10-05) 20:38.36:716"/>
<acces uri="localhost:8080/favicon.ico" date="(2004-10-05) 20:38.37:137"/>
<acces uri="localhost:8080/" date="(2004-10-05) 20:38.41:242"/>
<acces uri="localhost:8080/favicon.ico" date="(2004-10-05) 20:38.41:483"/>
<acces uri="localhost:8080/images/rsr.html" date="(2004-10-05) 20:38.44:908"/>
<acces uri="localhost:8080/favicon.ico" date="(2004-10-05) 20:38.45:158"/>
<acces uri="localhost:8080/images/rsr.html" date="(2004-10-05) 20:38.50:626"/>
<acces uri="localhost:8080/favicon.ico" date="(2004-10-05) 20:38.50:806"/>
<acces uri="localhost:8080/images/" date="(2004-10-05) 20:38.55:273"/>
<acces uri="localhost:8080/images/Sports/Golf%20dar%20essalam_200.jpg" date="(2004-10-05) 20:38.57:806"/>
<acces uri="localhost:8080/images/Hotels/Balima%20facade_200.jpg" date="(2004-10-05) 20:38.57:816"/>
<acces uri="localhost:8080/images/autres/MR02009N_200.jpg" date="(2004-10-05) 20:38.58:197"/>
<acces uri="localhost:8080/images/fossa/002_200.jpg" date="(2004-10-05) 20:38.58:227"/>
<acces uri="localhost:8080/images/khediss/001_200.jpg" date="(2004-10-05) 20:38.58:297"/>
<acces uri="localhost:8080/images/chellah/challah_200.jpg" date="(2004-10-05) 20:38.58:367"/>
<acces uri="localhost:8080/images/medina/Rabat_200.jpg" date="(2004-10-05) 20:38.58:437"/>
<acces uri="localhost:8080/images/oudays/003_200.jpg" date="(2004-10-05) 20:38.58:517"/>
<acces uri="localhost:8080/images/patrimoine%20naturel/Plage1_200.jpg" date="(2004-10-05) 20:38.58:537"/>
<acces uri="localhost:8080/images/patrimoine_naturel/patrimoine_200.jpg" date="(2004-10-05) 20:38.58:547"/>
<acces uri="localhost:8080/images/rsr_200.jpg" date="(2004-10-05) 20:38.58:627"/>
<acces uri="localhost:8080/favicon.ico" date="(2004-10-05) 20:38.58:918"/>
<acces uri="localhost:8080/images/Hotels/Balima%20facade.jpg" date="(2004-10-05) 20:40.07:917"/>
<acces uri="localhost:8080/favicon.ico" date="(2004-10-05) 20:40.07:947"/>
<acces uri="localhost:8080/images/patrimoine_naturel/patrimoine_200.jpg" date="(2004-10-05) 20:40.09:850"/>
<acces uri="localhost:8080/favicon.ico" date="(2004-10-05) 20:40.10:190"/>
<acces uri="localhost:8080/images/Sports/Golf%20dar%20essalam.jpg" date="(2004-10-05) 20:40.11:823"/>
<acces uri="localhost:8080/favicon.ico" date="(2004-10-05) 20:40.11:843"/>
<acces uri="localhost:8080/images/patrimoine_naturel/patrimoine_200.jpg" date="(2004-10-05) 20:40.13:345"/>
<acces uri="localhost:8080/favicon.ico" date="(2004-10-05) 20:40.13:735"/>
<acces uri="localhost:8080/images/" date="(2004-10-05) 20:41.58:927"/>
<acces uri="localhost:8080/skin/strabon1.css" date="(2004-10-05) 20:41.58:957"/>
<acces uri="localhost:8080/skin/eumedis_fr_S.gif" date="(2004-10-05) 20:41.59:067"/>
<acces uri="localhost:8080/skin/strabon_S.gif" date="(2004-10-05) 20:41.59:067"/>
<acces uri="localhost:8080/images/Hotels/Balima%20facade_200.jpg" date="(2004-10-05) 20:41.59:137"/>
<acces uri="localhost:8080/images/Sports/Golf%20dar%20essalam_200.jpg" date="(2004-10-05) 20:41.59:187"/>
<acces uri="localhost:8080/images/autres/MR02009N_200.jpg" date="(2004-10-05) 20:41.59:277"/>
<acces uri="localhost:8080/images/chellah/challah_200.jpg" date="(2004-10-05) 20:41.59:347"/>
<acces uri="localhost:8080/images/fossa/002_200.jpg" date="(2004-10-05) 20:41.59:377"/>
<acces uri="localhost:8080/images/khediss/001_200.jpg" date="(2004-10-05) 20:41.59:407"/>
<acces uri="localhost:8080/images/medina/Rabat_200.jpg" date="(2004-10-05) 20:41.59:457"/>
<acces uri="localhost:8080/images/oudays/003_200.jpg" date="(2004-10-05) 20:41.59:498"/>
<acces uri="localhost:8080/images/patrimoine%20naturel/Plage1_200.jpg" date="(2004-10-05) 20:41.59:538"/>
<acces uri="localhost:8080/images/patrimoine_naturel/patrimoine_200.jpg" date="(2004-10-05) 20:41.59:548"/>
<acces uri="localhost:8080/images/rsr_200.jpg" date="(2004-10-05) 20:41.59:598"/>
<acces uri="localhost:8080/skin/logomsh.gif" date="(2004-10-05) 20:41.59:598"/>
<acces uri="localhost:8080/favicon.ico" date="(2004-10-05) 20:41.59:918"/>
<acces uri="localhost:8080/images/" date="(2004-10-05) 20:42.37:122"/>
<acces uri="localhost:8080/skin/strabon1.css" date="(2004-10-05) 20:42.37:162"/>
<acces uri="localhost:8080/skin/strabon_S.gif" date="(2004-10-05) 20:42.37:282"/>
<acces uri="localhost:8080/skin/eumedis_fr_S.gif" date="(2004-10-05) 20:42.37:282"/>
<acces uri="localhost:8080/images/Sports/Golf%20dar%20essalam_200.jpg" date="(2004-10-05) 20:42.37:342"/>
<acces uri="localhost:8080/images/Hotels/Balima%20facade_200.jpg" date="(2004-10-05) 20:42.37:402"/>
<acces uri="localhost:8080/images/chellah/challah_200.jpg" date="(2004-10-05) 20:42.37:502"/>
<acces uri="localhost:8080/images/autres/MR02009N_200.jpg" date="(2004-10-05) 20:42.37:552"/>
<acces uri="localhost:8080/images/fossa/002_200.jpg" date="(2004-10-05) 20:42.37:582"/>
<acces uri="localhost:8080/images/khediss/001_200.jpg" date="(2004-10-05) 20:42.37:592"/>
<acces uri="localhost:8080/images/medina/Rabat_200.jpg" date="(2004-10-05) 20:42.37:672"/>
<acces uri="localhost:8080/images/oudays/003_200.jpg" date="(2004-10-05) 20:42.37:682"/>
<acces uri="localhost:8080/images/patrimoine_naturel/patrimoine_200.jpg" date="(2004-10-05) 20:42.37:712"/>
<acces uri="localhost:8080/images/patrimoine%20naturel/Plage1_200.jpg" date="(2004-10-05) 20:42.37:742"/>
<acces uri="localhost:8080/skin/logomsh.gif" date="(2004-10-05) 20:42.37:783"/>
<acces uri="localhost:8080/images/rsr_200.jpg" date="(2004-10-05) 20:42.37:793"/>
<acces uri="localhost:8080/favicon.ico" date="(2004-10-05) 20:42.38:093"/>
<acces uri="localhost:8080/images/" date="(2004-10-05) 20:43.19:573"/>
<acces uri="localhost:8080/skin/strabon1.css" date="(2004-10-05) 20:43.19:623"/>
<acces uri="localhost:8080/skin/eumedis_fr_S.gif" date="(2004-10-05) 20:43.19:753"/>
<acces uri="localhost:8080/skin/strabon_S.gif" date="(2004-10-05) 20:43.19:753"/>
<acces uri="localhost:8080/images/Hotels/Balima%20facade_200.jpg" date="(2004-10-05) 20:43.20:043"/>
<acces uri="localhost:8080/images/Sports/Golf%20dar%20essalam_200.jpg" date="(2004-10-05) 20:43.20:073"/>
<acces uri="localhost:8080/images/autres/MR02009N_200.jpg" date="(2004-10-05) 20:43.20:143"/>
<acces uri="localhost:8080/images/chellah/challah_200.jpg" date="(2004-10-05) 20:43.20:194"/>
<acces uri="localhost:8080/images/fossa/002_200.jpg" date="(2004-10-05) 20:43.20:234"/>
<acces uri="localhost:8080/images/khediss/001_200.jpg" date="(2004-10-05) 20:43.20:264"/>
<acces uri="localhost:8080/images/medina/Rabat_200.jpg" date="(2004-10-05) 20:43.20:294"/>
<acces uri="localhost:8080/images/oudays/003_200.jpg" date="(2004-10-05) 20:43.20:354"/>
<acces uri="localhost:8080/images/patrimoine%20naturel/Plage1_200.jpg" date="(2004-10-05) 20:43.20:374"/>
<acces uri="localhost:8080/images/patrimoine_naturel/patrimoine_200.jpg" date="(2004-10-05) 20:43.20:384"/>
<acces uri="localhost:8080/skin/logomsh.gif" date="(2004-10-05) 20:43.20:434"/>
<acces uri="localhost:8080/images/rsr_200.jpg" date="(2004-10-05) 20:43.20:454"/>
<acces uri="localhost:8080/favicon.ico" date="(2004-10-05) 20:43.20:995"/>
<acces uri="localhost:8080/images/" date="(2004-10-05) 20:44.15:733"/>
<acces uri="localhost:8080/skin/strabon1.css" date="(2004-10-05) 20:44.15:763"/>
<acces uri="localhost:8080/skin/strabon_S.gif" date="(2004-10-05) 20:44.15:874"/>
<acces uri="localhost:8080/skin/eumedis_fr_S.gif" date="(2004-10-05) 20:44.15:884"/>
<acces uri="localhost:8080/images/Sports/Golf%20dar%20essalam_200.jpg" date="(2004-10-05) 20:44.16:184"/>
<acces uri="localhost:8080/images/Hotels/Balima%20facade_200.jpg" date="(2004-10-05) 20:44.16:194"/>
<acces uri="localhost:8080/images/autres/MR02009N_200.jpg" date="(2004-10-05) 20:44.16:264"/>
<acces uri="localhost:8080/images/chellah/challah_200.jpg" date="(2004-10-05) 20:44.16:314"/>
<acces uri="localhost:8080/images/fossa/002_200.jpg" date="(2004-10-05) 20:44.16:354"/>
<acces uri="localhost:8080/images/khediss/001_200.jpg" date="(2004-10-05) 20:44.16:394"/>
<acces uri="localhost:8080/images/medina/Rabat_200.jpg" date="(2004-10-05) 20:44.16:444"/>
<acces uri="localhost:8080/images/oudays/003_200.jpg" date="(2004-10-05) 20:44.16:484"/>
<acces uri="localhost:8080/images/patrimoine%20naturel/Plage1_200.jpg" date="(2004-10-05) 20:44.16:505"/>
<acces uri="localhost:8080/images/patrimoine_naturel/patrimoine_200.jpg" date="(2004-10-05) 20:44.16:535"/>
<acces uri="localhost:8080/skin/logomsh.gif" date="(2004-10-05) 20:44.16:575"/>
<acces uri="localhost:8080/images/rsr_200.jpg" date="(2004-10-05) 20:44.16:585"/>
<acces uri="localhost:8080/favicon.ico" date="(2004-10-05) 20:44.16:895"/>
<acces uri="localhost:8080/images/dir.xhtml" date="(2004-10-05) 20:45.55:887"/>
<acces uri="localhost:8080/images/patrimoine_naturel/patrimoine_200.jpg" date="(2004-10-05) 20:45.56:018"/>
<acces uri="localhost:8080/favicon.ico" date="(2004-10-05) 20:45.56:318"/>
<acces uri="localhost:8080/images/Sports/Golf%20dar%20essalam.html" date="(2004-10-05) 20:46.11:059"/>
<acces uri="localhost:8080/images/Sports/Golf%20dar%20essalam3.jpg" date="(2004-10-05) 20:46.11:159"/>
<acces uri="localhost:8080/images/Sports/Golf%20dar%20essalam2.jpg" date="(2004-10-05) 20:46.11:720"/>
<acces uri="localhost:8080/favicon.ico" date="(2004-10-05) 20:46.11:910"/>
<acces uri="localhost:8080/images/patrimoine_naturel/patrimoine_200.jpg" date="(2004-10-05) 20:46.23:517"/>
<acces uri="localhost:8080/favicon.ico" date="(2004-10-05) 20:46.23:798"/>
<acces uri="localhost:8080/images/dir.xhtml" date="(2004-10-05) 20:46.28:685"/>
<acces uri="localhost:8080/images/patrimoine_naturel/patrimoine_200.jpg" date="(2004-10-05) 20:46.28:805"/>
<acces uri="localhost:8080/favicon.ico" date="(2004-10-05) 20:46.29:105"/>
<acces uri="localhost:8080/images/autres/MR02009N.html" date="(2004-10-05) 20:46.37:437"/>
<acces uri="localhost:8080/images/autres/MR02009N.jpg" date="(2004-10-05) 20:46.37:537"/>
<acces uri="localhost:8080/favicon.ico" date="(2004-10-05) 20:46.37:758"/>
<acces uri="localhost:8080/images/autres/MR02009N.html" date="(2004-10-05) 20:46.40:642"/>
<acces uri="localhost:8080/favicon.ico" date="(2004-10-05) 20:46.40:872"/>
<acces uri="localhost:8080/images/autres/MR03011N.html" date="(2004-10-05) 20:46.43:065"/>
<acces uri="localhost:8080/images/autres/MR03011N.jpg" date="(2004-10-05) 20:46.43:316"/>
<acces uri="localhost:8080/favicon.ico" date="(2004-10-05) 20:46.43:376"/>
<acces uri="localhost:8080/images/autres/MR07006N.html" date="(2004-10-05) 20:46.45:539"/>
<acces uri="localhost:8080/images/autres/MR07006N.jpg" date="(2004-10-05) 20:46.45:639"/>
<acces uri="localhost:8080/favicon.ico" date="(2004-10-05) 20:46.45:849"/>
<acces uri="localhost:8080/images/autres/MR37005N.html" date="(2004-10-05) 20:46.48:493"/>
<acces uri="localhost:8080/images/autres/MR37005N.jpg" date="(2004-10-05) 20:46.48:623"/>
<acces uri="localhost:8080/favicon.ico" date="(2004-10-05) 20:46.48:854"/>
<acces uri="localhost:8080/images/autres/MRFIL022.html" date="(2004-10-05) 20:46.51:147"/>
<acces uri="localhost:8080/images/autres/MRFIL022.jpg" date="(2004-10-05) 20:46.51:267"/>
<acces uri="localhost:8080/favicon.ico" date="(2004-10-05) 20:46.51:497"/>
<acces uri="localhost:8080/images/autres/bouregrag.html" date="(2004-10-05) 20:46.54:131"/>
<acces uri="localhost:8080/images/autres/bouregrag.jpg" date="(2004-10-05) 20:46.54:331"/>
<acces uri="localhost:8080/favicon.ico" date="(2004-10-05) 20:46.54:422"/>
<acces uri="localhost:8080/images/" date="(2004-10-05) 20:46.57:656"/>
<acces uri="localhost:8080/images/patrimoine_naturel/patrimoine_200.jpg" date="(2004-10-05) 20:46.57:806"/>
<acces uri="localhost:8080/favicon.ico" date="(2004-10-05) 20:46.58:157"/>
<acces uri="localhost:8080/images/Hotels/Balima%20facade.html" date="(2004-10-05) 20:47.04:296"/>
<acces uri="localhost:8080/favicon.ico" date="(2004-10-05) 20:47.04:586"/>
<acces uri="localhost:8080/images/Hotels/" date="(2004-10-05) 20:47.12:558"/>
<acces uri="localhost:8080/images/Hotels/Hilton%20facade_200.jpg" date="(2004-10-05) 20:47.12:948"/>
<acces uri="localhost:8080/images/Hotels/Ibis%20facade_200.jpg" date="(2004-10-05) 20:47.12:998"/>
<acces uri="localhost:8080/images/Hotels/Oumlil%20facade_200.jpg" date="(2004-10-05) 20:47.13:149"/>
<acces uri="localhost:8080/images/Hotels/Orsay%20facade_200.jpg" date="(2004-10-05) 20:47.13:209"/>
<acces uri="localhost:8080/images/Hotels/Ourida%20facade_200.jpg" date="(2004-10-05) 20:47.13:319"/>
<acces uri="localhost:8080/images/Hotels/Rabat%20Chellah%20facade_200.jpg" date="(2004-10-05) 20:47.13:369"/>
<acces uri="localhost:8080/images/Hotels/Rabat%20Chellah%20sejour_200.jpg" date="(2004-10-05) 20:47.13:459"/>
<acces uri="localhost:8080/images/Hotels/Siaha%20facade_200.jpg" date="(2004-10-05) 20:47.13:519"/>
<acces uri="localhost:8080/images/Hotels/Sofitel%20diwan%20facade_200.jpg" date="(2004-10-05) 20:47.13:639"/>
<acces uri="localhost:8080/images/Hotels/Soundous%20facade_200.jpg" date="(2004-10-05) 20:47.13:729"/>
<acces uri="localhost:8080/images/Hotels/Tour%20hassan%20Chambre_200.jpg" date="(2004-10-05) 20:47.13:819"/>
<acces uri="localhost:8080/images/Hotels/Tour%20hassan%20cafe%20jpg_200.jpg" date="(2004-10-05) 20:47.13:890"/>
<acces uri="localhost:8080/images/Hotels/Tour%20hassan%20conference_200.jpg" date="(2004-10-05) 20:47.13:940"/>
<acces uri="localhost:8080/images/Hotels/Tour%20hassan%20fontaine_200.jpg" date="(2004-10-05) 20:47.14:020"/>
<acces uri="localhost:8080/images/Hotels/Tour%20hassan%20jardin_200.jpg" date="(2004-10-05) 20:47.14:050"/>
<acces uri="localhost:8080/images/Hotels/Tour%20hassan%20le%20sejour_200.jpg" date="(2004-10-05) 20:47.14:140"/>
<acces uri="localhost:8080/images/Hotels/Tour%20hassan%20piscine_200.jpg" date="(2004-10-05) 20:47.14:180"/>
<acces uri="localhost:8080/images/Hotels/Tour%20hassan%20restaurant_200.jpg" date="(2004-10-05) 20:47.14:250"/>
<acces uri="localhost:8080/images/Hotels/Tour%20hassan1_200.jpg" date="(2004-10-05) 20:47.14:330"/>
<acces uri="localhost:8080/images/Hotels/Tour%20hassan2_200.jpg" date="(2004-10-05) 20:47.14:420"/>
<acces uri="localhost:8080/images/Hotels/belere%20facade_200.jpg" date="(2004-10-05) 20:47.14:480"/>
<acces uri="localhost:8080/images/Hotels/belere%20restaurant_200.jpg" date="(2004-10-05) 20:47.14:551"/>
<acces uri="localhost:8080/images/Hotels/belere%20sejour_200.jpg" date="(2004-10-05) 20:47.14:671"/>
<acces uri="localhost:8080/images/Hotels/yasmine%20facade_200.jpg" date="(2004-10-05) 20:47.14:731"/>
<acces uri="localhost:8080/images/Hotels/yasmine%20restaurant_200.jpg" date="(2004-10-05) 20:47.15:041"/>
<acces uri="localhost:8080/favicon.ico" date="(2004-10-05) 20:47.15:512"/>
<acces uri="localhost:8080/images/" date="(2004-10-05) 20:47.18:016"/>
<acces uri="localhost:8080/images/patrimoine_naturel/patrimoine_200.jpg" date="(2004-10-05) 20:47.18:166"/>
<acces uri="localhost:8080/favicon.ico" date="(2004-10-05) 20:47.18:546"/>
<acces uri="localhost:8080/images/dir.xhtml" date="(2004-10-05) 20:48.11:092"/>
<acces uri="localhost:8080/images/patrimoine_naturel/patrimoine_200.jpg" date="(2004-10-05) 20:48.11:202"/>
<acces uri="localhost:8080/favicon.ico" date="(2004-10-05) 20:48.11:532"/>
<acces uri="localhost:8080/images/dir.xhtml" date="(2004-10-05) 20:49.27:191"/>
<acces uri="localhost:8080/images/Hotels/Balima%20facade_200.jpg" date="(2004-10-05) 20:49.27:362"/>
<acces uri="localhost:8080/images/Sports/Golf%20dar%20essalam_200.jpg" date="(2004-10-05) 20:49.27:402"/>
<acces uri="localhost:8080/images/autres/MR02009N_200.jpg" date="(2004-10-05) 20:49.27:482"/>
<acces uri="localhost:8080/images/chellah/challah_200.jpg" date="(2004-10-05) 20:49.27:542"/>
<acces uri="localhost:8080/images/fossa/002_200.jpg" date="(2004-10-05) 20:49.27:552"/>
<acces uri="localhost:8080/images/khediss/001_200.jpg" date="(2004-10-05) 20:49.27:592"/>
<acces uri="localhost:8080/images/medina/Rabat_200.jpg" date="(2004-10-05) 20:49.27:622"/>
<acces uri="localhost:8080/images/oudays/003_200.jpg" date="(2004-10-05) 20:49.27:672"/>
<acces uri="localhost:8080/images/patrimoine%20naturel/Plage1_200.jpg" date="(2004-10-05) 20:49.27:692"/>
<acces uri="localhost:8080/images/patrimoine_naturel/patrimoine_200.jpg" date="(2004-10-05) 20:49.27:702"/>
<acces uri="localhost:8080/images/rsr_200.jpg" date="(2004-10-05) 20:49.27:752"/>
<acces uri="localhost:8080/favicon.ico" date="(2004-10-05) 20:49.28:012"/>
<acces uri="Unknown-hostUnknown-URI" date="(2004-10-06) 14:52.14:140"/>
<acces uri="Unknown-hostUnknown-URI" date="(2004-10-06) 14:52.41:119"/>
<acces uri="localhost:8080/" date="(2004-10-06) 14:52.47:688"/>
<acces uri="localhost:8080/favicon.ico" date="(2004-10-06) 14:52.47:909"/>
<acces uri="localhost:8080/" date="(2004-10-06) 14:53.00:667"/>
<acces uri="localhost:8080/skin/strabon1.css" date="(2004-10-06) 14:53.00:757"/>
<acces uri="localhost:8080/skin/strabon_S.gif" date="(2004-10-06) 14:53.00:867"/>
<acces uri="localhost:8080/skin/eumedis_fr_S.gif" date="(2004-10-06) 14:53.00:968"/>
<acces uri="localhost:8080/skin/logomsh.gif" date="(2004-10-06) 14:53.00:988"/>
<acces uri="localhost:8080/favicon.ico" date="(2004-10-06) 14:53.01:228"/>
<acces uri="localhost:8080/dir.rdf" date="(2004-10-06) 14:54.06:882"/>
<acces uri="localhost:8080/favicon.ico" date="(2004-10-06) 14:54.07:203"/>
<acces uri="localhost:8080/dir.rdf" date="(2004-10-06) 14:57.07:843"/>
<acces uri="localhost:8080/favicon.ico" date="(2004-10-06) 14:57.08:213"/>
<acces uri="localhost:8080/index.rdf" date="(2004-10-06) 14:58.24:593"/>
<acces uri="localhost:8080/favicon.ico" date="(2004-10-06) 14:58.24:813"/>
<acces uri="localhost:8080/index_ar.dc" date="(2004-10-06) 14:59.33:863"/>
<acces uri="localhost:8080/favicon.ico" date="(2004-10-06) 14:59.34:063"/>
<acces uri="localhost:8080/index_ar.rdf" date="(2004-10-06) 14:59.47:522"/>
<acces uri="localhost:8080/favicon.ico" date="(2004-10-06) 14:59.47:712"/>
<acces uri="localhost:8080/index_ar.rdf" date="(2004-10-06) 15:01.08:609"/>
<acces uri="localhost:8080/favicon.ico" date="(2004-10-06) 15:01.08:799"/>
<acces uri="localhost:8080/favicon.ico" date="(2004-10-06) 15:01.12:224"/>
<acces uri="localhost:8080/" date="(2004-10-06) 15:01.14:968"/>
<acces uri="localhost:8080/skin/strabon1.css" date="(2004-10-06) 15:01.15:008"/>
<acces uri="localhost:8080/skin/strabon_S.gif" date="(2004-10-06) 15:01.15:068"/>
<acces uri="localhost:8080/skin/eumedis_fr_S.gif" date="(2004-10-06) 15:01.15:068"/>
<acces uri="localhost:8080/skin/logomsh.gif" date="(2004-10-06) 15:01.15:078"/>
<acces uri="localhost:8080/favicon.ico" date="(2004-10-06) 15:01.15:278"/>
<acces uri="localhost:8080/index_ar.html" date="(2004-10-06) 15:26.29:075"/>
<acces uri="localhost:8080/favicon.ico" date="(2004-10-06) 15:26.29:285"/>
<acces uri="localhost:8080/index_ar.html" date="(2004-10-06) 15:32.33:689"/>
<acces uri="localhost:8080/skin/strabon1.css" date="(2004-10-06) 15:32.33:719"/>
<acces uri="localhost:8080/skin/strabon_S.gif" date="(2004-10-06) 15:32.33:790"/>
<acces uri="localhost:8080/skin/eumedis_fr_S.gif" date="(2004-10-06) 15:32.33:800"/>
<acces uri="localhost:8080/skin/logomsh.gif" date="(2004-10-06) 15:32.33:800"/>
<acces uri="localhost:8080/favicon.ico" date="(2004-10-06) 15:32.34:000"/>
<acces uri="localhost:8080/index_ar.html" date="(2004-10-06) 15:32.58:425"/>
<acces uri="localhost:8080/skin/strabon1.css" date="(2004-10-06) 15:32.58:445"/>
<acces uri="localhost:8080/skin/eumedis_fr_S.gif" date="(2004-10-06) 15:32.58:525"/>
<acces uri="localhost:8080/skin/strabon_S.gif" date="(2004-10-06) 15:32.58:535"/>
<acces uri="localhost:8080/skin/logomsh.gif" date="(2004-10-06) 15:32.58:535"/>
<acces uri="localhost:8080/favicon.ico" date="(2004-10-06) 15:32.58:725"/>
<acces uri="localhost:8080/index_ar.html" date="(2004-10-06) 15:35.12:678"/>
<acces uri="localhost:8080/favicon.ico" date="(2004-10-06) 15:35.12:898"/>
<acces uri="localhost:8080/index_ar.html" date="(2004-10-06) 15:35.26:678"/>
<acces uri="localhost:8080/skin/strabon1.css" date="(2004-10-06) 15:35.26:698"/>
<acces uri="localhost:8080/favicon.ico" date="(2004-10-06) 15:35.26:948"/>
<acces uri="localhost:8080/index_ar.html" date="(2004-10-06) 15:35.44:113"/>
<acces uri="localhost:8080/favicon.ico" date="(2004-10-06) 15:35.44:323"/>
<acces uri="localhost:8080/index_ar.html" date="(2004-10-06) 15:35.57:683"/>
<acces uri="localhost:8080/skin/strabon1.css" date="(2004-10-06) 15:35.57:703"/>
<acces uri="localhost:8080/favicon.ico" date="(2004-10-06) 15:35.57:943"/>
<acces uri="localhost:8080/index_ar.html" date="(2004-10-06) 15:36.54:645"/>
<acces uri="localhost:8080/skin/strabon1.css" date="(2004-10-06) 15:36.54:675"/>
<acces uri="localhost:8080/skin/strabon_S.gif" date="(2004-10-06) 15:36.54:735"/>
<acces uri="localhost:8080/skin/eumedis_fr_S.gif" date="(2004-10-06) 15:36.54:745"/>
<acces uri="localhost:8080/skin/logomsh.gif" date="(2004-10-06) 15:36.54:745"/>
<acces uri="localhost:8080/favicon.ico" date="(2004-10-06) 15:36.54:945"/>
<acces uri="localhost:8080/archeology/index_ar.html" date="(2004-10-06) 15:37.04:729"/>
<acces uri="localhost:8080/favicon.ico" date="(2004-10-06) 15:37.04:979"/>
<acces uri="localhost:8080/archeology/index_ar.html" date="(2004-10-06) 15:37.07:103"/>
<acces uri="localhost:8080/favicon.ico" date="(2004-10-06) 15:37.07:343"/>
<acces uri="localhost:8080/" date="(2004-10-06) 15:37.09:887"/>
<acces uri="localhost:8080/favicon.ico" date="(2004-10-06) 15:37.10:137"/>
<acces uri="localhost:8080/index_ar.html" date="(2004-10-06) 15:37.16:045"/>
<acces uri="localhost:8080/favicon.ico" date="(2004-10-06) 15:37.16:306"/>
<acces uri="localhost:8080/antic-villages/index_ar.html" date="(2004-10-06) 15:37.20:382"/>
<acces uri="localhost:8080/favicon.ico" date="(2004-10-06) 15:37.20:632"/>
<acces uri="localhost:8080/antic-villages/Brad/index_ar.html" date="(2004-10-06) 15:37.25:970"/>
<acces uri="localhost:8080/antic-villages/Brad/index_ar.sxw/Pictures/100000000000024F00000168DF8BA820.jpg" date="(2004-10-06) 15:37.26:050"/>
<acces uri="localhost:8080/favicon.ico" date="(2004-10-06) 15:37.26:340"/>
<acces uri="localhost:8080/favicon.ico" date="(2004-10-06) 15:38.25:415"/>
<acces uri="localhost:8080/favicon.ico" date="(2004-10-06) 15:38.28:319"/>
<acces uri="localhost:8080/antic-villages/Brad/index_ar.sxw/Pictures/100000000000024F00000168DF8BA820.html" date="(2004-10-06) 15:39.07:916"/>
<acces uri="localhost:8080/favicon.ico" date="(2004-10-06) 15:39.08:447"/>
<acces uri="localhost:8080/favicon.ico" date="(2004-10-06) 15:39.15:297"/>
<acces uri="localhost:8080/antic-villages/Brad/index_ar.sxw/Pictures/100000000000024F00000168DF8BA820.html" date="(2004-10-06) 15:39.18:982"/>
<acces uri="localhost:8080/favicon.ico" date="(2004-10-06) 15:39.19:583"/>
<acces uri="localhost:8080/favicon.ico" date="(2004-10-06) 15:39.22:067"/>
<acces uri="localhost:8080/antic-villages/Brad/index_ar.sxw/Pictures/100000000000024F00000168DF8BA820.html" date="(2004-10-06) 15:39.48:194"/>
<acces uri="localhost:8080/favicon.ico" date="(2004-10-06) 15:39.48:805"/>
<acces uri="localhost:8080/antic-villages/Brad/index_ar.sxw/Pictures/100000000000024F00000168DF8BA820.jpg" date="(2004-10-06) 15:39.53:992"/>
<acces uri="localhost:8080/favicon.ico" date="(2004-10-06) 15:39.54:253"/>
<acces uri="localhost:8080/antic-villages/Brad/index_ar.sxw/Pictures/100000000000024F00000168DF8BA820.html" date="(2004-10-06) 15:40.04:087"/>
<acces uri="localhost:8080/favicon.ico" date="(2004-10-06) 15:40.04:658"/>
<acces uri="localhost:8080/favicon.ico" date="(2004-10-06) 15:40.08:533"/>
<acces uri="localhost:8080/favicon.ico" date="(2004-10-06) 16:44.28:784"/>
<acces uri="localhost:8080/favicon.ico" date="(2004-10-06) 18:04.39:892"/>
<acces uri="localhost:8080/antic-villages/Brad/" date="(2004-10-06) 18:04.49:376"/>
<acces uri="localhost:8080/skin/strabon1.css" date="(2004-10-06) 18:04.49:456"/>
<acces uri="localhost:8080/skin/eumedis_fr_S.gif" date="(2004-10-06) 18:04.49:526"/>
<acces uri="localhost:8080/skin/strabon_S.gif" date="(2004-10-06) 18:04.49:546"/>
<acces uri="localhost:8080/skin/logomsh.gif" date="(2004-10-06) 18:04.49:566"/>
<acces uri="localhost:8080/antic-villages/Brad/index_fr.sxw/Pictures/100000000000024F00000168DF8BA820.jpg" date="(2004-10-06) 18:04.49:696"/>
<acces uri="localhost:8080/favicon.ico" date="(2004-10-06) 18:04.49:806"/>
<acces uri="localhost:8080/antic-villages/Brad/index_ar.html" date="(2004-10-06) 18:05.02:715"/>
<acces uri="localhost:8080/favicon.ico" date="(2004-10-06) 18:05.02:975"/>
<acces uri="localhost:8080/antic-villages/Brad/index_ar.html" date="(2004-10-06) 18:05.24:687"/>
<acces uri="localhost:8080/skin/strabon1.css" date="(2004-10-06) 18:05.24:797"/>
<acces uri="localhost:8080/skin/eumedis_fr_S.gif" date="(2004-10-06) 18:05.24:887"/>
<acces uri="localhost:8080/antic-villages/Brad/index_ar.sxw/Pictures/100000000000024F00000168DF8BA820.jpg" date="(2004-10-06) 18:05.24:897"/>
<acces uri="localhost:8080/skin/strabon_S.gif" date="(2004-10-06) 18:05.24:927"/>
<acces uri="localhost:8080/skin/logomsh.gif" date="(2004-10-06) 18:05.24:967"/>
<acces uri="localhost:8080/antic-villages/Brad/index_ar.html" date="(2004-10-06) 18:07.24:759"/>
<acces uri="localhost:8080/skin/strabon1.css" date="(2004-10-06) 18:07.24:779"/>
<acces uri="localhost:8080/skin/strabon_S.gif" date="(2004-10-06) 18:07.24:809"/>
<acces uri="localhost:8080/skin/eumedis_fr_S.gif" date="(2004-10-06) 18:07.24:829"/>
<acces uri="localhost:8080/antic-villages/Brad/index_ar.sxw/Pictures/100000000000024F00000168DF8BA820.jpg" date="(2004-10-06) 18:07.24:879"/>
<acces uri="localhost:8080/skin/logomsh.gif" date="(2004-10-06) 18:07.24:919"/>
<acces uri="localhost:8080/antic-villages/" date="(2004-10-06) 18:07.29:146"/>
<acces uri="localhost:8080/antic-villages/index_fr.sxw/Pictures/100000000000080000000600908BC21A.jpg" date="(2004-10-06) 18:07.29:246"/>
<acces uri="localhost:8080/" date="(2004-10-06) 18:07.55:764"/>
<acces uri="localhost:8080/" date="(2004-10-06) 18:07.59:319"/>
<acces uri="localhost:8080/" date="(2004-10-06) 18:09.34:906"/>
<acces uri="localhost:8080/skin/strabon_S.gif" date="(2004-10-06) 18:09.34:936"/>
<acces uri="localhost:8080/skin/strabon1.css" date="(2004-10-06) 18:09.34:946"/>
<acces uri="localhost:8080/skin/eumedis_fr_S.gif" date="(2004-10-06) 18:09.34:946"/>
<acces uri="localhost:8080/skin/logomsh.gif" date="(2004-10-06) 18:09.34:956"/>
<acces uri="localhost:8080/antic-villages/index_fr.html" date="(2004-10-06) 18:09.36:809"/>
<acces uri="localhost:8080/antic-villages/index_fr.sxw/Pictures/100000000000080000000600908BC21A.jpg" date="(2004-10-06) 18:09.36:939"/>
<acces uri="localhost:8080/antic-villages/index_fr.html" date="(2004-10-06) 18:09.39:683"/>
<acces uri="localhost:8080/skin/strabon_S.gif" date="(2004-10-06) 18:09.39:874"/>
<acces uri="localhost:8080/skin/eumedis_fr_S.gif" date="(2004-10-06) 18:09.39:884"/>
<acces uri="localhost:8080/skin/strabon1.css" date="(2004-10-06) 18:09.39:894"/>
<acces uri="localhost:8080/antic-villages/index_fr.sxw/Pictures/100000000000080000000600908BC21A.jpg" date="(2004-10-06) 18:09.39:894"/>
<acces uri="localhost:8080/skin/logomsh.gif" date="(2004-10-06) 18:09.39:944"/>
<acces uri="localhost:8080/antic-villages/index_fr.html" date="(2004-10-06) 18:10.06:692"/>
<acces uri="localhost:8080/skin/strabon1.css" date="(2004-10-06) 18:10.06:742"/>
<acces uri="localhost:8080/skin/strabon_S.gif" date="(2004-10-06) 18:10.06:752"/>
<acces uri="localhost:8080/skin/eumedis_fr_S.gif" date="(2004-10-06) 18:10.06:782"/>
<acces uri="localhost:8080/antic-villages/index_fr.sxw/Pictures/100000000000080000000600908BC21A.jpg" date="(2004-10-06) 18:10.06:782"/>
<acces uri="localhost:8080/skin/logomsh.gif" date="(2004-10-06) 18:10.06:973"/>
<acces uri="localhost:8080/antic-villages/kalota/index_fr.html" date="(2004-10-06) 18:10.15:274"/>
<acces uri="localhost:8080/antic-villages/" date="(2004-10-06) 18:10.18:609"/>
<acces uri="localhost:8080/" date="(2004-10-06) 18:10.21:183"/>
<acces uri="localhost:8080/" date="(2004-10-06) 18:10.24:077"/>
<acces uri="localhost:8080/skin/strabon1.css" date="(2004-10-06) 18:10.24:107"/>
<acces uri="localhost:8080/skin/strabon_S.gif" date="(2004-10-06) 18:10.24:117"/>
<acces uri="localhost:8080/skin/eumedis_fr_S.gif" date="(2004-10-06) 18:10.24:127"/>
<acces uri="localhost:8080/skin/logomsh.gif" date="(2004-10-06) 18:10.24:157"/>
<acces uri="localhost:8080/media/index_fr.html" date="(2004-10-06) 18:13.31:036"/>
<acces uri="Unknown-hostUnknown-URI" date="(2004-10-06) 18:14.16:471"/>
<acces uri="localhost:8080/antic-villages/index_fr.html" date="(2004-10-06) 21:36.50:939"/>
<acces uri="localhost:8080/antic-villages/index_fr.html" date="(2004-10-06) 21:37.22:624"/>
<acces uri="localhost:8080/" date="(2004-10-06) 21:37.50:414"/>
<acces uri="localhost:8080/skin/strabon1.css" date="(2004-10-06) 21:37.50:504"/>
<acces uri="localhost:8080/skin/strabon_S.gif" date="(2004-10-06) 21:37.50:504"/>
<acces uri="localhost:8080/skin/eumedis_fr_S.gif" date="(2004-10-06) 21:37.50:544"/>
<acces uri="localhost:8080/images/medina/Vue-aer.jpg" date="(2004-10-06) 21:37.50:544"/>
<acces uri="localhost:8080/skin/logomsh.gif" date="(2004-10-06) 21:37.50:584"/>
<acces uri="localhost:8080/images/rsr.html" date="(2004-10-06) 21:38.00:569"/>
<acces uri="localhost:8080/images/rsr.jpg" date="(2004-10-06) 21:38.00:659"/>
<acces uri="localhost:8080/images/dir.html" date="(2004-10-06) 21:38.13:387"/>
<acces uri="localhost:8080/images/Hotels/Balima%20facade_200.jpg" date="(2004-10-06) 21:38.16:492"/>
<acces uri="localhost:8080/images/Sports/Golf%20dar%20essalam_200.jpg" date="(2004-10-06) 21:38.16:542"/>
<acces uri="localhost:8080/images/autres/MR02009N_200.jpg" date="(2004-10-06) 21:38.16:622"/>
<acces uri="localhost:8080/images/fossa/002_200.jpg" date="(2004-10-06) 21:38.16:672"/>
<acces uri="localhost:8080/images/khediss/001_200.jpg" date="(2004-10-06) 21:38.16:722"/>
<acces uri="localhost:8080/images/chellah/challah_200.jpg" date="(2004-10-06) 21:38.16:782"/>
<acces uri="localhost:8080/images/medina/Rabat_200.jpg" date="(2004-10-06) 21:38.16:892"/>
<acces uri="localhost:8080/images/oudays/003_200.jpg" date="(2004-10-06) 21:38.16:892"/>
<acces uri="localhost:8080/images/patrimoine_naturel/patrimoine_200.jpg" date="(2004-10-06) 21:38.16:982"/>
<acces uri="localhost:8080/images/patrimoine%20naturel/Plage1_200.jpg" date="(2004-10-06) 21:38.16:992"/>
<acces uri="localhost:8080/images/rsr_200.jpg" date="(2004-10-06) 21:38.17:052"/>
<acces uri="localhost:8080/" date="(2004-10-06) 22:13.40:676"/>
<acces uri="localhost:8080/skin/strabon1.css" date="(2004-10-06) 22:13.40:706"/>
<acces uri="localhost:8080/skin/strabon_S.gif" date="(2004-10-06) 22:13.40:736"/>
<acces uri="localhost:8080/skin/eumedis_fr_S.gif" date="(2004-10-06) 22:13.40:736"/>
<acces uri="localhost:8080/skin/logomsh.gif" date="(2004-10-06) 22:13.40:836"/>
<acces uri="localhost:8080/favicon.ico" date="(2004-10-06) 22:13.41:167"/>
<acces uri="localhost:8080/inde_fr.rdf" date="(2004-10-06) 22:13.50:090"/>
<acces uri="localhost:8080/favicon.ico" date="(2004-10-06) 22:13.50:320"/>
<acces uri="localhost:8080/index_fr.rdf" date="(2004-10-06) 22:13.55:537"/>
<acces uri="localhost:8080/favicon.ico" date="(2004-10-06) 22:13.55:738"/>
<acces uri="localhost:8080/favicon.ico" date="(2004-10-06) 22:17.33:711"/>
<acces uri="localhost:8080/favicon.ico" date="(2004-10-06) 22:20.10:086"/>
