ERROR   (2004-10-06) 21:37.22:624   [access] (/antic-villages/index_fr.html) PoolThread-4/CocoonServlet: Internal Cocoon Problem
org.apache.cocoon.ProcessingException: Failed to execute pipeline.: org.apache.cocoon.ResourceNotFoundException: C:\data\xfolio\maroc.strabon 2004-06-17\antic-villages/ is not a directory.
	at org.apache.cocoon.components.pipeline.AbstractProcessingPipeline.processXMLPipeline(AbstractProcessingPipeline.java:552)
	at org.apache.cocoon.components.pipeline.impl.AbstractCachingProcessingPipeline.processXMLPipeline(AbstractCachingProcessingPipeline.java:173)
	at org.apache.cocoon.components.pipeline.AbstractProcessingPipeline.process(AbstractProcessingPipeline.java:490)
	at org.apache.cocoon.components.treeprocessor.sitemap.SerializeNode.invoke(SerializeNode.java:120)
	at org.apache.cocoon.components.treeprocessor.AbstractParentProcessingNode.invokeNodes(AbstractParentProcessingNode.java:49)
	at org.apache.cocoon.components.treeprocessor.sitemap.PreparableMatchNode.invoke(PreparableMatchNode.java:130)
	at org.apache.cocoon.components.treeprocessor.AbstractParentProcessingNode.invokeNodes(AbstractParentProcessingNode.java:72)
	at org.apache.cocoon.components.treeprocessor.ContainerNode.invoke(ContainerNode.java:31)
	at org.apache.cocoon.components.treeprocessor.sitemap.CallNode.invoke(CallNode.java:93)
	at org.apache.cocoon.components.treeprocessor.AbstractParentProcessingNode.invokeNodes(AbstractParentProcessingNode.java:49)
	at org.apache.cocoon.components.treeprocessor.sitemap.PreparableMatchNode.invoke(PreparableMatchNode.java:130)
	at org.apache.cocoon.components.treeprocessor.AbstractParentProcessingNode.invokeNodes(AbstractParentProcessingNode.java:72)
	at org.apache.cocoon.components.treeprocessor.sitemap.PipelineNode.invoke(PipelineNode.java:126)
	at org.apache.cocoon.components.treeprocessor.AbstractParentProcessingNode.invokeNodes(AbstractParentProcessingNode.java:72)
	at org.apache.cocoon.components.treeprocessor.sitemap.PipelinesNode.invoke(PipelinesNode.java:101)
	at org.apache.cocoon.components.treeprocessor.TreeProcessor.process(TreeProcessor.java:336)
	at org.apache.cocoon.components.treeprocessor.TreeProcessor.handleCocoonRedirect(TreeProcessor.java:386)
	at org.apache.cocoon.components.treeprocessor.TreeProcessor.access$000(TreeProcessor.java:66)
	at org.apache.cocoon.components.treeprocessor.TreeProcessor$TreeProcessorRedirector.cocoonRedirect(TreeProcessor.java:547)
	at org.apache.cocoon.environment.ForwardRedirector.redirect(ForwardRedirector.java:58)
	at org.apache.cocoon.components.treeprocessor.sitemap.RedirectToURINode.invoke(RedirectToURINode.java:69)
	at org.apache.cocoon.components.treeprocessor.AbstractParentProcessingNode.invokeNodes(AbstractParentProcessingNode.java:49)
	at org.apache.cocoon.components.treeprocessor.sitemap.PreparableMatchNode.invoke(PreparableMatchNode.java:130)
	at org.apache.cocoon.components.treeprocessor.AbstractParentProcessingNode.invokeNodes(AbstractParentProcessingNode.java:72)
	at org.apache.cocoon.components.treeprocessor.sitemap.PipelineNode.invoke(PipelineNode.java:126)
	at org.apache.cocoon.components.treeprocessor.AbstractParentProcessingNode.invokeNodes(AbstractParentProcessingNode.java:72)
	at org.apache.cocoon.components.treeprocessor.sitemap.PipelinesNode.invoke(PipelinesNode.java:101)
	at org.apache.cocoon.components.treeprocessor.TreeProcessor.process(TreeProcessor.java:336)
	at org.apache.cocoon.components.treeprocessor.TreeProcessor.handleCocoonRedirect(TreeProcessor.java:386)
	at org.apache.cocoon.components.treeprocessor.TreeProcessor.access$000(TreeProcessor.java:66)
	at org.apache.cocoon.components.treeprocessor.TreeProcessor$TreeProcessorRedirector.cocoonRedirect(TreeProcessor.java:547)
	at org.apache.cocoon.environment.ForwardRedirector.redirect(ForwardRedirector.java:58)
	at org.apache.cocoon.components.treeprocessor.sitemap.RedirectToURINode.invoke(RedirectToURINode.java:69)
	at org.apache.cocoon.components.treeprocessor.AbstractParentProcessingNode.invokeNodes(AbstractParentProcessingNode.java:49)
	at org.apache.cocoon.components.treeprocessor.sitemap.PreparableMatchNode.invoke(PreparableMatchNode.java:130)
	at org.apache.cocoon.components.treeprocessor.AbstractParentProcessingNode.invokeNodes(AbstractParentProcessingNode.java:72)
	at org.apache.cocoon.components.treeprocessor.sitemap.PipelineNode.invoke(PipelineNode.java:126)
	at org.apache.cocoon.components.treeprocessor.AbstractParentProcessingNode.invokeNodes(AbstractParentProcessingNode.java:72)
	at org.apache.cocoon.components.treeprocessor.sitemap.PipelinesNode.invoke(PipelinesNode.java:101)
	at org.apache.cocoon.components.treeprocessor.TreeProcessor.process(TreeProcessor.java:336)
	at org.apache.cocoon.components.treeprocessor.TreeProcessor.handleCocoonRedirect(TreeProcessor.java:386)
	at org.apache.cocoon.components.treeprocessor.TreeProcessor.access$000(TreeProcessor.java:66)
	at org.apache.cocoon.components.treeprocessor.TreeProcessor$TreeProcessorRedirector.cocoonRedirect(TreeProcessor.java:547)
	at org.apache.cocoon.environment.ForwardRedirector.redirect(ForwardRedirector.java:58)
	at org.apache.cocoon.components.treeprocessor.sitemap.RedirectToURINode.invoke(RedirectToURINode.java:69)
	at org.apache.cocoon.components.treeprocessor.AbstractParentProcessingNode.invokeNodes(AbstractParentProcessingNode.java:49)
	at org.apache.cocoon.components.treeprocessor.sitemap.PreparableMatchNode.invoke(PreparableMatchNode.java:130)
	at org.apache.cocoon.components.treeprocessor.AbstractParentProcessingNode.invokeNodes(AbstractParentProcessingNode.java:72)
	at org.apache.cocoon.components.treeprocessor.sitemap.PipelineNode.invoke(PipelineNode.java:126)
	at org.apache.cocoon.components.treeprocessor.AbstractParentProcessingNode.invokeNodes(AbstractParentProcessingNode.java:72)
	at org.apache.cocoon.components.treeprocessor.sitemap.PipelinesNode.invoke(PipelinesNode.java:101)
	at org.apache.cocoon.components.treeprocessor.TreeProcessor.process(TreeProcessor.java:336)
	at org.apache.cocoon.components.treeprocessor.TreeProcessor.handleCocoonRedirect(TreeProcessor.java:386)
	at org.apache.cocoon.components.treeprocessor.TreeProcessor.access$000(TreeProcessor.java:66)
	at org.apache.cocoon.components.treeprocessor.TreeProcessor$TreeProcessorRedirector.cocoonRedirect(TreeProcessor.java:547)
	at org.apache.cocoon.environment.ForwardRedirector.redirect(ForwardRedirector.java:58)
	at org.apache.cocoon.components.treeprocessor.sitemap.RedirectToURINode.invoke(RedirectToURINode.java:69)
	at org.apache.cocoon.components.treeprocessor.AbstractParentProcessingNode.invokeNodes(AbstractParentProcessingNode.java:49)
	at org.apache.cocoon.components.treeprocessor.sitemap.PreparableMatchNode.invoke(PreparableMatchNode.java:130)
	at org.apache.cocoon.components.treeprocessor.AbstractParentProcessingNode.invokeNodes(AbstractParentProcessingNode.java:72)
	at org.apache.cocoon.components.treeprocessor.sitemap.PipelineNode.invoke(PipelineNode.java:126)
	at org.apache.cocoon.components.treeprocessor.AbstractParentProcessingNode.invokeNodes(AbstractParentProcessingNode.java:72)
	at org.apache.cocoon.components.treeprocessor.sitemap.PipelinesNode.invoke(PipelinesNode.java:101)
	at org.apache.cocoon.components.treeprocessor.TreeProcessor.process(TreeProcessor.java:336)
	at org.apache.cocoon.components.treeprocessor.TreeProcessor.process(TreeProcessor.java:277)
	at org.apache.cocoon.components.treeprocessor.sitemap.MountNode.invoke(MountNode.java:103)
	at org.apache.cocoon.components.treeprocessor.AbstractParentProcessingNode.invokeNodes(AbstractParentProcessingNode.java:72)
	at org.apache.cocoon.components.treeprocessor.sitemap.PipelineNode.invoke(PipelineNode.java:126)
	at org.apache.cocoon.components.treeprocessor.AbstractParentProcessingNode.invokeNodes(AbstractParentProcessingNode.java:72)
	at org.apache.cocoon.components.treeprocessor.sitemap.PipelinesNode.invoke(PipelinesNode.java:101)
	at org.apache.cocoon.components.treeprocessor.TreeProcessor.process(TreeProcessor.java:336)
	at org.apache.cocoon.components.treeprocessor.TreeProcessor.process(TreeProcessor.java:277)
	at org.apache.cocoon.Cocoon.process(Cocoon.java:639)
	at org.apache.cocoon.servlet.CocoonServlet.service(CocoonServlet.java:1098)
	at javax.servlet.http.HttpServlet.service(HttpServlet.java:853)
	at org.mortbay.jetty.servlet.ServletHolder.handle(ServletHolder.java:358)
	at org.mortbay.jetty.servlet.WebApplicationHandler.dispatch(WebApplicationHandler.java:294)
	at org.mortbay.jetty.servlet.ServletHandler.handle(ServletHandler.java:567)
	at org.mortbay.http.HttpContext.handle(HttpContext.java:1807)
	at org.mortbay.jetty.servlet.WebApplicationContext.handle(WebApplicationContext.java:525)
	at org.mortbay.http.HttpContext.handle(HttpContext.java:1757)
	at org.mortbay.http.HttpServer.service(HttpServer.java:879)
	at org.mortbay.http.HttpConnection.service(HttpConnection.java:790)
	at org.mortbay.http.HttpConnection.handleNext(HttpConnection.java:961)
	at org.mortbay.http.HttpConnection.handle(HttpConnection.java:807)
	at org.mortbay.http.SocketListener.handleConnection(SocketListener.java:197)
	at org.mortbay.util.ThreadedServer.handle(ThreadedServer.java:276)
	at org.mortbay.util.ThreadPool$PoolThread.run(ThreadPool.java:511)
Caused by: org.apache.cocoon.ResourceNotFoundException: C:\data\xfolio\maroc.strabon 2004-06-17\antic-villages/ is not a directory.
	at org.apache.cocoon.components.source.impl.SitemapSource.toSAX(SitemapSource.java:442)
	at org.apache.cocoon.components.source.SourceUtil.parse(SourceUtil.java:247)
	at org.apache.cocoon.sitemap.ContentAggregator.generate(ContentAggregator.java:125)
	at org.apache.cocoon.components.pipeline.AbstractProcessingPipeline.processXMLPipeline(AbstractProcessingPipeline.java:545)
	... 87 more
org.apache.cocoon.ResourceNotFoundException: C:\data\xfolio\maroc.strabon 2004-06-17\antic-villages/ is not a directory.
	at org.apache.cocoon.components.source.impl.SitemapSource.toSAX(SitemapSource.java:442)
	at org.apache.cocoon.components.source.SourceUtil.parse(SourceUtil.java:247)
	at org.apache.cocoon.sitemap.ContentAggregator.generate(ContentAggregator.java:125)
	at org.apache.cocoon.components.pipeline.AbstractProcessingPipeline.processXMLPipeline(AbstractProcessingPipeline.java:545)
	at org.apache.cocoon.components.pipeline.impl.AbstractCachingProcessingPipeline.processXMLPipeline(AbstractCachingProcessingPipeline.java:173)
	at org.apache.cocoon.components.pipeline.AbstractProcessingPipeline.process(AbstractProcessingPipeline.java:490)
	at org.apache.cocoon.components.treeprocessor.sitemap.SerializeNode.invoke(SerializeNode.java:120)
	at org.apache.cocoon.components.treeprocessor.AbstractParentProcessingNode.invokeNodes(AbstractParentProcessingNode.java:49)
	at org.apache.cocoon.components.treeprocessor.sitemap.PreparableMatchNode.invoke(PreparableMatchNode.java:130)
	at org.apache.cocoon.components.treeprocessor.AbstractParentProcessingNode.invokeNodes(AbstractParentProcessingNode.java:72)
	at org.apache.cocoon.components.treeprocessor.ContainerNode.invoke(ContainerNode.java:31)
	at org.apache.cocoon.components.treeprocessor.sitemap.CallNode.invoke(CallNode.java:93)
	at org.apache.cocoon.components.treeprocessor.AbstractParentProcessingNode.invokeNodes(AbstractParentProcessingNode.java:49)
	at org.apache.cocoon.components.treeprocessor.sitemap.PreparableMatchNode.invoke(PreparableMatchNode.java:130)
	at org.apache.cocoon.components.treeprocessor.AbstractParentProcessingNode.invokeNodes(AbstractParentProcessingNode.java:72)
	at org.apache.cocoon.components.treeprocessor.sitemap.PipelineNode.invoke(PipelineNode.java:126)
	at org.apache.cocoon.components.treeprocessor.AbstractParentProcessingNode.invokeNodes(AbstractParentProcessingNode.java:72)
	at org.apache.cocoon.components.treeprocessor.sitemap.PipelinesNode.invoke(PipelinesNode.java:101)
	at org.apache.cocoon.components.treeprocessor.TreeProcessor.process(TreeProcessor.java:336)
	at org.apache.cocoon.components.treeprocessor.TreeProcessor.handleCocoonRedirect(TreeProcessor.java:386)
	at org.apache.cocoon.components.treeprocessor.TreeProcessor.access$000(TreeProcessor.java:66)
	at org.apache.cocoon.components.treeprocessor.TreeProcessor$TreeProcessorRedirector.cocoonRedirect(TreeProcessor.java:547)
	at org.apache.cocoon.environment.ForwardRedirector.redirect(ForwardRedirector.java:58)
	at org.apache.cocoon.components.treeprocessor.sitemap.RedirectToURINode.invoke(RedirectToURINode.java:69)
	at org.apache.cocoon.components.treeprocessor.AbstractParentProcessingNode.invokeNodes(AbstractParentProcessingNode.java:49)
	at org.apache.cocoon.components.treeprocessor.sitemap.PreparableMatchNode.invoke(PreparableMatchNode.java:130)
	at org.apache.cocoon.components.treeprocessor.AbstractParentProcessingNode.invokeNodes(AbstractParentProcessingNode.java:72)
	at org.apache.cocoon.components.treeprocessor.sitemap.PipelineNode.invoke(PipelineNode.java:126)
	at org.apache.cocoon.components.treeprocessor.AbstractParentProcessingNode.invokeNodes(AbstractParentProcessingNode.java:72)
	at org.apache.cocoon.components.treeprocessor.sitemap.PipelinesNode.invoke(PipelinesNode.java:101)
	at org.apache.cocoon.components.treeprocessor.TreeProcessor.process(TreeProcessor.java:336)
	at org.apache.cocoon.components.treeprocessor.TreeProcessor.handleCocoonRedirect(TreeProcessor.java:386)
	at org.apache.cocoon.components.treeprocessor.TreeProcessor.access$000(TreeProcessor.java:66)
	at org.apache.cocoon.components.treeprocessor.TreeProcessor$TreeProcessorRedirector.cocoonRedirect(TreeProcessor.java:547)
	at org.apache.cocoon.environment.ForwardRedirector.redirect(ForwardRedirector.java:58)
	at org.apache.cocoon.components.treeprocessor.sitemap.RedirectToURINode.invoke(RedirectToURINode.java:69)
	at org.apache.cocoon.components.treeprocessor.AbstractParentProcessingNode.invokeNodes(AbstractParentProcessingNode.java:49)
	at org.apache.cocoon.components.treeprocessor.sitemap.PreparableMatchNode.invoke(PreparableMatchNode.java:130)
	at org.apache.cocoon.components.treeprocessor.AbstractParentProcessingNode.invokeNodes(AbstractParentProcessingNode.java:72)
	at org.apache.cocoon.components.treeprocessor.sitemap.PipelineNode.invoke(PipelineNode.java:126)
	at org.apache.cocoon.components.treeprocessor.AbstractParentProcessingNode.invokeNodes(AbstractParentProcessingNode.java:72)
	at org.apache.cocoon.components.treeprocessor.sitemap.PipelinesNode.invoke(PipelinesNode.java:101)
	at org.apache.cocoon.components.treeprocessor.TreeProcessor.process(TreeProcessor.java:336)
	at org.apache.cocoon.components.treeprocessor.TreeProcessor.handleCocoonRedirect(TreeProcessor.java:386)
	at org.apache.cocoon.components.treeprocessor.TreeProcessor.access$000(TreeProcessor.java:66)
	at org.apache.cocoon.components.treeprocessor.TreeProcessor$TreeProcessorRedirector.cocoonRedirect(TreeProcessor.java:547)
	at org.apache.cocoon.environment.ForwardRedirector.redirect(ForwardRedirector.java:58)
	at org.apache.cocoon.components.treeprocessor.sitemap.RedirectToURINode.invoke(RedirectToURINode.java:69)
	at org.apache.cocoon.components.treeprocessor.AbstractParentProcessingNode.invokeNodes(AbstractParentProcessingNode.java:49)
	at org.apache.cocoon.components.treeprocessor.sitemap.PreparableMatchNode.invoke(PreparableMatchNode.java:130)
	at org.apache.cocoon.components.treeprocessor.AbstractParentProcessingNode.invokeNodes(AbstractParentProcessingNode.java:72)
	at org.apache.cocoon.components.treeprocessor.sitemap.PipelineNode.invoke(PipelineNode.java:126)
	at org.apache.cocoon.components.treeprocessor.AbstractParentProcessingNode.invokeNodes(AbstractParentProcessingNode.java:72)
	at org.apache.cocoon.components.treeprocessor.sitemap.PipelinesNode.invoke(PipelinesNode.java:101)
	at org.apache.cocoon.components.treeprocessor.TreeProcessor.process(TreeProcessor.java:336)
	at org.apache.cocoon.components.treeprocessor.TreeProcessor.handleCocoonRedirect(TreeProcessor.java:386)
	at org.apache.cocoon.components.treeprocessor.TreeProcessor.access$000(TreeProcessor.java:66)
	at org.apache.cocoon.components.treeprocessor.TreeProcessor$TreeProcessorRedirector.cocoonRedirect(TreeProcessor.java:547)
	at org.apache.cocoon.environment.ForwardRedirector.redirect(ForwardRedirector.java:58)
	at org.apache.cocoon.components.treeprocessor.sitemap.RedirectToURINode.invoke(RedirectToURINode.java:69)
	at org.apache.cocoon.components.treeprocessor.AbstractParentProcessingNode.invokeNodes(AbstractParentProcessingNode.java:49)
	at org.apache.cocoon.components.treeprocessor.sitemap.PreparableMatchNode.invoke(PreparableMatchNode.java:130)
	at org.apache.cocoon.components.treeprocessor.AbstractParentProcessingNode.invokeNodes(AbstractParentProcessingNode.java:72)
	at org.apache.cocoon.components.treeprocessor.sitemap.PipelineNode.invoke(PipelineNode.java:126)
	at org.apache.cocoon.components.treeprocessor.AbstractParentProcessingNode.invokeNodes(AbstractParentProcessingNode.java:72)
	at org.apache.cocoon.components.treeprocessor.sitemap.PipelinesNode.invoke(PipelinesNode.java:101)
	at org.apache.cocoon.components.treeprocessor.TreeProcessor.process(TreeProcessor.java:336)
	at org.apache.cocoon.components.treeprocessor.TreeProcessor.process(TreeProcessor.java:277)
	at org.apache.cocoon.components.treeprocessor.sitemap.MountNode.invoke(MountNode.java:103)
	at org.apache.cocoon.components.treeprocessor.AbstractParentProcessingNode.invokeNodes(AbstractParentProcessingNode.java:72)
	at org.apache.cocoon.components.treeprocessor.sitemap.PipelineNode.invoke(PipelineNode.java:126)
	at org.apache.cocoon.components.treeprocessor.AbstractParentProcessingNode.invokeNodes(AbstractParentProcessingNode.java:72)
	at org.apache.cocoon.components.treeprocessor.sitemap.PipelinesNode.invoke(PipelinesNode.java:101)
	at org.apache.cocoon.components.treeprocessor.TreeProcessor.process(TreeProcessor.java:336)
	at org.apache.cocoon.components.treeprocessor.TreeProcessor.process(TreeProcessor.java:277)
	at org.apache.cocoon.Cocoon.process(Cocoon.java:639)
	at org.apache.cocoon.servlet.CocoonServlet.service(CocoonServlet.java:1098)
	at javax.servlet.http.HttpServlet.service(HttpServlet.java:853)
	at org.mortbay.jetty.servlet.ServletHolder.handle(ServletHolder.java:358)
	at org.mortbay.jetty.servlet.WebApplicationHandler.dispatch(WebApplicationHandler.java:294)
	at org.mortbay.jetty.servlet.ServletHandler.handle(ServletHandler.java:567)
	at org.mortbay.http.HttpContext.handle(HttpContext.java:1807)
	at org.mortbay.jetty.servlet.WebApplicationContext.handle(WebApplicationContext.java:525)
	at org.mortbay.http.HttpContext.handle(HttpContext.java:1757)
	at org.mortbay.http.HttpServer.service(HttpServer.java:879)
	at org.mortbay.http.HttpConnection.service(HttpConnection.java:790)
	at org.mortbay.http.HttpConnection.handleNext(HttpConnection.java:961)
	at org.mortbay.http.HttpConnection.handle(HttpConnection.java:807)
	at org.mortbay.http.SocketListener.handleConnection(SocketListener.java:197)
	at org.mortbay.util.ThreadedServer.handle(ThreadedServer.java:276)
	at org.mortbay.util.ThreadPool$PoolThread.run(ThreadPool.java:511)
ERROR   (2004-10-06) 21:38.16:982   [access] (/images/patrimoine_naturel/patrimoine_200.jpg) PoolThread-3/CocoonServlet: Internal Cocoon Problem
org.apache.cocoon.ProcessingException: Error during resolving of the input stream: org.apache.excalibur.source.SourceException: Cannot get input stream for cocoon://images/patrimoine_naturel/patrimoine.jpg
	at org.apache.cocoon.components.source.SourceUtil.handle(SourceUtil.java:401)
	at org.apache.cocoon.reading.ResourceReader.generate(ResourceReader.java:274)
	at org.apache.cocoon.components.pipeline.impl.AbstractCachingProcessingPipeline.processReader(AbstractCachingProcessingPipeline.java:810)
	at org.apache.cocoon.components.pipeline.AbstractProcessingPipeline.process(AbstractProcessingPipeline.java:487)
	at org.apache.cocoon.components.treeprocessor.sitemap.ReadNode.invoke(ReadNode.java:84)
	at org.apache.cocoon.components.treeprocessor.AbstractParentProcessingNode.invokeNodes(AbstractParentProcessingNode.java:49)
	at org.apache.cocoon.components.treeprocessor.sitemap.PreparableMatchNode.invoke(PreparableMatchNode.java:130)
	at org.apache.cocoon.components.treeprocessor.AbstractParentProcessingNode.invokeNodes(AbstractParentProcessingNode.java:72)
	at org.apache.cocoon.components.treeprocessor.sitemap.PipelineNode.invoke(PipelineNode.java:126)
	at org.apache.cocoon.components.treeprocessor.AbstractParentProcessingNode.invokeNodes(AbstractParentProcessingNode.java:72)
	at org.apache.cocoon.components.treeprocessor.sitemap.PipelinesNode.invoke(PipelinesNode.java:101)
	at org.apache.cocoon.components.treeprocessor.TreeProcessor.process(TreeProcessor.java:336)
	at org.apache.cocoon.components.treeprocessor.TreeProcessor.process(TreeProcessor.java:277)
	at org.apache.cocoon.components.treeprocessor.sitemap.MountNode.invoke(MountNode.java:103)
	at org.apache.cocoon.components.treeprocessor.AbstractParentProcessingNode.invokeNodes(AbstractParentProcessingNode.java:72)
	at org.apache.cocoon.components.treeprocessor.sitemap.PipelineNode.invoke(PipelineNode.java:126)
	at org.apache.cocoon.components.treeprocessor.AbstractParentProcessingNode.invokeNodes(AbstractParentProcessingNode.java:72)
	at org.apache.cocoon.components.treeprocessor.sitemap.PipelinesNode.invoke(PipelinesNode.java:101)
	at org.apache.cocoon.components.treeprocessor.TreeProcessor.process(TreeProcessor.java:336)
	at org.apache.cocoon.components.treeprocessor.TreeProcessor.process(TreeProcessor.java:277)
	at org.apache.cocoon.Cocoon.process(Cocoon.java:639)
	at org.apache.cocoon.servlet.CocoonServlet.service(CocoonServlet.java:1098)
	at javax.servlet.http.HttpServlet.service(HttpServlet.java:853)
	at org.mortbay.jetty.servlet.ServletHolder.handle(ServletHolder.java:358)
	at org.mortbay.jetty.servlet.WebApplicationHandler.dispatch(WebApplicationHandler.java:294)
	at org.mortbay.jetty.servlet.ServletHandler.handle(ServletHandler.java:567)
	at org.mortbay.http.HttpContext.handle(HttpContext.java:1807)
	at org.mortbay.jetty.servlet.WebApplicationContext.handle(WebApplicationContext.java:525)
	at org.mortbay.http.HttpContext.handle(HttpContext.java:1757)
	at org.mortbay.http.HttpServer.service(HttpServer.java:879)
	at org.mortbay.http.HttpConnection.service(HttpConnection.java:790)
	at org.mortbay.http.HttpConnection.handleNext(HttpConnection.java:961)
	at org.mortbay.http.HttpConnection.handle(HttpConnection.java:807)
	at org.mortbay.http.SocketListener.handleConnection(SocketListener.java:197)
	at org.mortbay.util.ThreadedServer.handle(ThreadedServer.java:276)
	at org.mortbay.util.ThreadPool$PoolThread.run(ThreadPool.java:511)
Caused by: org.apache.excalibur.source.SourceException: Cannot get input stream for cocoon://images/patrimoine_naturel/patrimoine.jpg
	at org.apache.cocoon.components.source.impl.SitemapSource.getInputStream(SitemapSource.java:261)
	at org.apache.cocoon.reading.ResourceReader.generate(ResourceReader.java:271)
	... 34 more
Caused by: org.apache.cocoon.ResourceNotFoundException: No pipeline matched request: images/patrimoine_naturel/patrimoine.jpg
	at org.apache.cocoon.components.source.impl.SitemapSource.init(SitemapSource.java:396)
	at org.apache.cocoon.components.source.impl.SitemapSource.<init>(SitemapSource.java:223)
	at org.apache.cocoon.components.source.impl.SitemapSourceFactory.getSource(SitemapSourceFactory.java:64)
	at org.apache.excalibur.source.impl.SourceResolverImpl.resolveURI(SourceResolverImpl.java:208)
	at org.apache.cocoon.components.CocoonComponentManager.resolveURI(CocoonComponentManager.java:500)
	at org.apache.cocoon.components.CocoonComponentManager.resolveURI(CocoonComponentManager.java:500)
	at org.apache.cocoon.environment.AbstractEnvironment.resolveURI(AbstractEnvironment.java:531)
	at org.apache.cocoon.environment.AbstractEnvironment.resolveURI(AbstractEnvironment.java:518)
	at org.apache.cocoon.reading.ResourceReader.setup(ResourceReader.java:120)
	at org.apache.cocoon.reading.ImageReader.setup(ImageReader.java:111)
	at org.apache.cocoon.components.pipeline.AbstractProcessingPipeline.setupReader(AbstractProcessingPipeline.java:564)
	at org.apache.cocoon.components.pipeline.AbstractProcessingPipeline.preparePipeline(AbstractProcessingPipeline.java:504)
	at org.apache.cocoon.components.pipeline.AbstractProcessingPipeline.process(AbstractProcessingPipeline.java:467)
	... 32 more
org.apache.excalibur.source.SourceException: Cannot get input stream for cocoon://images/patrimoine_naturel/patrimoine.jpg
	at org.apache.cocoon.components.source.impl.SitemapSource.getInputStream(SitemapSource.java:261)
	at org.apache.cocoon.reading.ResourceReader.generate(ResourceReader.java:271)
	at org.apache.cocoon.components.pipeline.impl.AbstractCachingProcessingPipeline.processReader(AbstractCachingProcessingPipeline.java:810)
	at org.apache.cocoon.components.pipeline.AbstractProcessingPipeline.process(AbstractProcessingPipeline.java:487)
	at org.apache.cocoon.components.treeprocessor.sitemap.ReadNode.invoke(ReadNode.java:84)
	at org.apache.cocoon.components.treeprocessor.AbstractParentProcessingNode.invokeNodes(AbstractParentProcessingNode.java:49)
	at org.apache.cocoon.components.treeprocessor.sitemap.PreparableMatchNode.invoke(PreparableMatchNode.java:130)
	at org.apache.cocoon.components.treeprocessor.AbstractParentProcessingNode.invokeNodes(AbstractParentProcessingNode.java:72)
	at org.apache.cocoon.components.treeprocessor.sitemap.PipelineNode.invoke(PipelineNode.java:126)
	at org.apache.cocoon.components.treeprocessor.AbstractParentProcessingNode.invokeNodes(AbstractParentProcessingNode.java:72)
	at org.apache.cocoon.components.treeprocessor.sitemap.PipelinesNode.invoke(PipelinesNode.java:101)
	at org.apache.cocoon.components.treeprocessor.TreeProcessor.process(TreeProcessor.java:336)
	at org.apache.cocoon.components.treeprocessor.TreeProcessor.process(TreeProcessor.java:277)
	at org.apache.cocoon.components.treeprocessor.sitemap.MountNode.invoke(MountNode.java:103)
	at org.apache.cocoon.components.treeprocessor.AbstractParentProcessingNode.invokeNodes(AbstractParentProcessingNode.java:72)
	at org.apache.cocoon.components.treeprocessor.sitemap.PipelineNode.invoke(PipelineNode.java:126)
	at org.apache.cocoon.components.treeprocessor.AbstractParentProcessingNode.invokeNodes(AbstractParentProcessingNode.java:72)
	at org.apache.cocoon.components.treeprocessor.sitemap.PipelinesNode.invoke(PipelinesNode.java:101)
	at org.apache.cocoon.components.treeprocessor.TreeProcessor.process(TreeProcessor.java:336)
	at org.apache.cocoon.components.treeprocessor.TreeProcessor.process(TreeProcessor.java:277)
	at org.apache.cocoon.Cocoon.process(Cocoon.java:639)
	at org.apache.cocoon.servlet.CocoonServlet.service(CocoonServlet.java:1098)
	at javax.servlet.http.HttpServlet.service(HttpServlet.java:853)
	at org.mortbay.jetty.servlet.ServletHolder.handle(ServletHolder.java:358)
	at org.mortbay.jetty.servlet.WebApplicationHandler.dispatch(WebApplicationHandler.java:294)
	at org.mortbay.jetty.servlet.ServletHandler.handle(ServletHandler.java:567)
	at org.mortbay.http.HttpContext.handle(HttpContext.java:1807)
	at org.mortbay.jetty.servlet.WebApplicationContext.handle(WebApplicationContext.java:525)
	at org.mortbay.http.HttpContext.handle(HttpContext.java:1757)
	at org.mortbay.http.HttpServer.service(HttpServer.java:879)
	at org.mortbay.http.HttpConnection.service(HttpConnection.java:790)
	at org.mortbay.http.HttpConnection.handleNext(HttpConnection.java:961)
	at org.mortbay.http.HttpConnection.handle(HttpConnection.java:807)
	at org.mortbay.http.SocketListener.handleConnection(SocketListener.java:197)
	at org.mortbay.util.ThreadedServer.handle(ThreadedServer.java:276)
	at org.mortbay.util.ThreadPool$PoolThread.run(ThreadPool.java:511)
Caused by: org.apache.cocoon.ResourceNotFoundException: No pipeline matched request: images/patrimoine_naturel/patrimoine.jpg
	at org.apache.cocoon.components.source.impl.SitemapSource.init(SitemapSource.java:396)
	at org.apache.cocoon.components.source.impl.SitemapSource.<init>(SitemapSource.java:223)
	at org.apache.cocoon.components.source.impl.SitemapSourceFactory.getSource(SitemapSourceFactory.java:64)
	at org.apache.excalibur.source.impl.SourceResolverImpl.resolveURI(SourceResolverImpl.java:208)
	at org.apache.cocoon.components.CocoonComponentManager.resolveURI(CocoonComponentManager.java:500)
	at org.apache.cocoon.components.CocoonComponentManager.resolveURI(CocoonComponentManager.java:500)
	at org.apache.cocoon.environment.AbstractEnvironment.resolveURI(AbstractEnvironment.java:531)
	at org.apache.cocoon.environment.AbstractEnvironment.resolveURI(AbstractEnvironment.java:518)
	at org.apache.cocoon.reading.ResourceReader.setup(ResourceReader.java:120)
	at org.apache.cocoon.reading.ImageReader.setup(ImageReader.java:111)
	at org.apache.cocoon.components.pipeline.AbstractProcessingPipeline.setupReader(AbstractProcessingPipeline.java:564)
	at org.apache.cocoon.components.pipeline.AbstractProcessingPipeline.preparePipeline(AbstractProcessingPipeline.java:504)
	at org.apache.cocoon.components.pipeline.AbstractProcessingPipeline.process(AbstractProcessingPipeline.java:467)
	... 32 more
