ERROR   (2004-10-06) 22:13.41:087   [sitemap.handled-errors] (/favicon.ico) PoolThread-4/PipelineNode: No pipeline matched request: favicon.ico
org.apache.cocoon.ResourceNotFoundException: No pipeline matched request: favicon.ico
	at org.apache.cocoon.components.treeprocessor.sitemap.PipelineNode.invoke(PipelineNode.java:131)
	at org.apache.cocoon.components.treeprocessor.AbstractParentProcessingNode.invokeNodes(AbstractParentProcessingNode.java:72)
	at org.apache.cocoon.components.treeprocessor.sitemap.PipelinesNode.invoke(PipelinesNode.java:101)
	at org.apache.cocoon.components.treeprocessor.TreeProcessor.process(TreeProcessor.java:336)
	at org.apache.cocoon.components.treeprocessor.TreeProcessor.process(TreeProcessor.java:277)
	at org.apache.cocoon.components.treeprocessor.sitemap.MountNode.invoke(MountNode.java:103)
	at org.apache.cocoon.components.treeprocessor.AbstractParentProcessingNode.invokeNodes(AbstractParentProcessingNode.java:72)
	at org.apache.cocoon.components.treeprocessor.sitemap.PipelineNode.invoke(PipelineNode.java:126)
	at org.apache.cocoon.components.treeprocessor.AbstractParentProcessingNode.invokeNodes(AbstractParentProcessingNode.java:72)
	at org.apache.cocoon.components.treeprocessor.sitemap.PipelinesNode.invoke(PipelinesNode.java:101)
	at org.apache.cocoon.components.treeprocessor.TreeProcessor.process(TreeProcessor.java:336)
	at org.apache.cocoon.components.treeprocessor.TreeProcessor.process(TreeProcessor.java:277)
	at org.apache.cocoon.Cocoon.process(Cocoon.java:639)
	at org.apache.cocoon.servlet.CocoonServlet.service(CocoonServlet.java:1098)
	at javax.servlet.http.HttpServlet.service(HttpServlet.java:853)
	at org.mortbay.jetty.servlet.ServletHolder.handle(ServletHolder.java:358)
	at org.mortbay.jetty.servlet.WebApplicationHandler.dispatch(WebApplicationHandler.java:294)
	at org.mortbay.jetty.servlet.ServletHandler.handle(ServletHandler.java:567)
	at org.mortbay.http.HttpContext.handle(HttpContext.java:1807)
	at org.mortbay.jetty.servlet.WebApplicationContext.handle(WebApplicationContext.java:525)
	at org.mortbay.http.HttpContext.handle(HttpContext.java:1757)
	at org.mortbay.http.HttpServer.service(HttpServer.java:879)
	at org.mortbay.http.HttpConnection.service(HttpConnection.java:790)
	at org.mortbay.http.HttpConnection.handleNext(HttpConnection.java:961)
	at org.mortbay.http.HttpConnection.handle(HttpConnection.java:807)
	at org.mortbay.http.SocketListener.handleConnection(SocketListener.java:197)
	at org.mortbay.util.ThreadedServer.handle(ThreadedServer.java:276)
	at org.mortbay.util.ThreadPool$PoolThread.run(ThreadPool.java:511)
ERROR   (2004-10-06) 22:13.50:310   [sitemap.handled-errors] (/favicon.ico) PoolThread-4/PipelineNode: No pipeline matched request: favicon.ico
org.apache.cocoon.ResourceNotFoundException: No pipeline matched request: favicon.ico
	at org.apache.cocoon.components.treeprocessor.sitemap.PipelineNode.invoke(PipelineNode.java:131)
	at org.apache.cocoon.components.treeprocessor.AbstractParentProcessingNode.invokeNodes(AbstractParentProcessingNode.java:72)
	at org.apache.cocoon.components.treeprocessor.sitemap.PipelinesNode.invoke(PipelinesNode.java:101)
	at org.apache.cocoon.components.treeprocessor.TreeProcessor.process(TreeProcessor.java:336)
	at org.apache.cocoon.components.treeprocessor.TreeProcessor.process(TreeProcessor.java:277)
	at org.apache.cocoon.components.treeprocessor.sitemap.MountNode.invoke(MountNode.java:103)
	at org.apache.cocoon.components.treeprocessor.AbstractParentProcessingNode.invokeNodes(AbstractParentProcessingNode.java:72)
	at org.apache.cocoon.components.treeprocessor.sitemap.PipelineNode.invoke(PipelineNode.java:126)
	at org.apache.cocoon.components.treeprocessor.AbstractParentProcessingNode.invokeNodes(AbstractParentProcessingNode.java:72)
	at org.apache.cocoon.components.treeprocessor.sitemap.PipelinesNode.invoke(PipelinesNode.java:101)
	at org.apache.cocoon.components.treeprocessor.TreeProcessor.process(TreeProcessor.java:336)
	at org.apache.cocoon.components.treeprocessor.TreeProcessor.process(TreeProcessor.java:277)
	at org.apache.cocoon.Cocoon.process(Cocoon.java:639)
	at org.apache.cocoon.servlet.CocoonServlet.service(CocoonServlet.java:1098)
	at javax.servlet.http.HttpServlet.service(HttpServlet.java:853)
	at org.mortbay.jetty.servlet.ServletHolder.handle(ServletHolder.java:358)
	at org.mortbay.jetty.servlet.WebApplicationHandler.dispatch(WebApplicationHandler.java:294)
	at org.mortbay.jetty.servlet.ServletHandler.handle(ServletHandler.java:567)
	at org.mortbay.http.HttpContext.handle(HttpContext.java:1807)
	at org.mortbay.jetty.servlet.WebApplicationContext.handle(WebApplicationContext.java:525)
	at org.mortbay.http.HttpContext.handle(HttpContext.java:1757)
	at org.mortbay.http.HttpServer.service(HttpServer.java:879)
	at org.mortbay.http.HttpConnection.service(HttpConnection.java:790)
	at org.mortbay.http.HttpConnection.handleNext(HttpConnection.java:961)
	at org.mortbay.http.HttpConnection.handle(HttpConnection.java:807)
	at org.mortbay.http.SocketListener.handleConnection(SocketListener.java:197)
	at org.mortbay.util.ThreadedServer.handle(ThreadedServer.java:276)
	at org.mortbay.util.ThreadPool$PoolThread.run(ThreadPool.java:511)
ERROR   (2004-10-06) 22:13.55:728   [sitemap.handled-errors] (/favicon.ico) PoolThread-4/PipelineNode: No pipeline matched request: favicon.ico
org.apache.cocoon.ResourceNotFoundException: No pipeline matched request: favicon.ico
	at org.apache.cocoon.components.treeprocessor.sitemap.PipelineNode.invoke(PipelineNode.java:131)
	at org.apache.cocoon.components.treeprocessor.AbstractParentProcessingNode.invokeNodes(AbstractParentProcessingNode.java:72)
	at org.apache.cocoon.components.treeprocessor.sitemap.PipelinesNode.invoke(PipelinesNode.java:101)
	at org.apache.cocoon.components.treeprocessor.TreeProcessor.process(TreeProcessor.java:336)
	at org.apache.cocoon.components.treeprocessor.TreeProcessor.process(TreeProcessor.java:277)
	at org.apache.cocoon.components.treeprocessor.sitemap.MountNode.invoke(MountNode.java:103)
	at org.apache.cocoon.components.treeprocessor.AbstractParentProcessingNode.invokeNodes(AbstractParentProcessingNode.java:72)
	at org.apache.cocoon.components.treeprocessor.sitemap.PipelineNode.invoke(PipelineNode.java:126)
	at org.apache.cocoon.components.treeprocessor.AbstractParentProcessingNode.invokeNodes(AbstractParentProcessingNode.java:72)
	at org.apache.cocoon.components.treeprocessor.sitemap.PipelinesNode.invoke(PipelinesNode.java:101)
	at org.apache.cocoon.components.treeprocessor.TreeProcessor.process(TreeProcessor.java:336)
	at org.apache.cocoon.components.treeprocessor.TreeProcessor.process(TreeProcessor.java:277)
	at org.apache.cocoon.Cocoon.process(Cocoon.java:639)
	at org.apache.cocoon.servlet.CocoonServlet.service(CocoonServlet.java:1098)
	at javax.servlet.http.HttpServlet.service(HttpServlet.java:853)
	at org.mortbay.jetty.servlet.ServletHolder.handle(ServletHolder.java:358)
	at org.mortbay.jetty.servlet.WebApplicationHandler.dispatch(WebApplicationHandler.java:294)
	at org.mortbay.jetty.servlet.ServletHandler.handle(ServletHandler.java:567)
	at org.mortbay.http.HttpContext.handle(HttpContext.java:1807)
	at org.mortbay.jetty.servlet.WebApplicationContext.handle(WebApplicationContext.java:525)
	at org.mortbay.http.HttpContext.handle(HttpContext.java:1757)
	at org.mortbay.http.HttpServer.service(HttpServer.java:879)
	at org.mortbay.http.HttpConnection.service(HttpConnection.java:790)
	at org.mortbay.http.HttpConnection.handleNext(HttpConnection.java:961)
	at org.mortbay.http.HttpConnection.handle(HttpConnection.java:807)
	at org.mortbay.http.SocketListener.handleConnection(SocketListener.java:197)
	at org.mortbay.util.ThreadedServer.handle(ThreadedServer.java:276)
	at org.mortbay.util.ThreadPool$PoolThread.run(ThreadPool.java:511)
ERROR   (2004-10-06) 22:17.33:701   [sitemap.handled-errors] (/favicon.ico) PoolThread-4/PipelineNode: No pipeline matched request: favicon.ico
org.apache.cocoon.ResourceNotFoundException: No pipeline matched request: favicon.ico
	at org.apache.cocoon.components.treeprocessor.sitemap.PipelineNode.invoke(PipelineNode.java:131)
	at org.apache.cocoon.components.treeprocessor.AbstractParentProcessingNode.invokeNodes(AbstractParentProcessingNode.java:72)
	at org.apache.cocoon.components.treeprocessor.sitemap.PipelinesNode.invoke(PipelinesNode.java:101)
	at org.apache.cocoon.components.treeprocessor.TreeProcessor.process(TreeProcessor.java:336)
	at org.apache.cocoon.components.treeprocessor.TreeProcessor.process(TreeProcessor.java:277)
	at org.apache.cocoon.components.treeprocessor.sitemap.MountNode.invoke(MountNode.java:103)
	at org.apache.cocoon.components.treeprocessor.AbstractParentProcessingNode.invokeNodes(AbstractParentProcessingNode.java:72)
	at org.apache.cocoon.components.treeprocessor.sitemap.PipelineNode.invoke(PipelineNode.java:126)
	at org.apache.cocoon.components.treeprocessor.AbstractParentProcessingNode.invokeNodes(AbstractParentProcessingNode.java:72)
	at org.apache.cocoon.components.treeprocessor.sitemap.PipelinesNode.invoke(PipelinesNode.java:101)
	at org.apache.cocoon.components.treeprocessor.TreeProcessor.process(TreeProcessor.java:336)
	at org.apache.cocoon.components.treeprocessor.TreeProcessor.process(TreeProcessor.java:277)
	at org.apache.cocoon.Cocoon.process(Cocoon.java:639)
	at org.apache.cocoon.servlet.CocoonServlet.service(CocoonServlet.java:1098)
	at javax.servlet.http.HttpServlet.service(HttpServlet.java:853)
	at org.mortbay.jetty.servlet.ServletHolder.handle(ServletHolder.java:358)
	at org.mortbay.jetty.servlet.WebApplicationHandler.dispatch(WebApplicationHandler.java:294)
	at org.mortbay.jetty.servlet.ServletHandler.handle(ServletHandler.java:567)
	at org.mortbay.http.HttpContext.handle(HttpContext.java:1807)
	at org.mortbay.jetty.servlet.WebApplicationContext.handle(WebApplicationContext.java:525)
	at org.mortbay.http.HttpContext.handle(HttpContext.java:1757)
	at org.mortbay.http.HttpServer.service(HttpServer.java:879)
	at org.mortbay.http.HttpConnection.service(HttpConnection.java:790)
	at org.mortbay.http.HttpConnection.handleNext(HttpConnection.java:961)
	at org.mortbay.http.HttpConnection.handle(HttpConnection.java:807)
	at org.mortbay.http.SocketListener.handleConnection(SocketListener.java:197)
	at org.mortbay.util.ThreadedServer.handle(ThreadedServer.java:276)
	at org.mortbay.util.ThreadPool$PoolThread.run(ThreadPool.java:511)
ERROR   (2004-10-06) 22:20.10:076   [sitemap.handled-errors] (/favicon.ico) PoolThread-4/PipelineNode: No pipeline matched request: favicon.ico
org.apache.cocoon.ResourceNotFoundException: No pipeline matched request: favicon.ico
	at org.apache.cocoon.components.treeprocessor.sitemap.PipelineNode.invoke(PipelineNode.java:131)
	at org.apache.cocoon.components.treeprocessor.AbstractParentProcessingNode.invokeNodes(AbstractParentProcessingNode.java:72)
	at org.apache.cocoon.components.treeprocessor.sitemap.PipelinesNode.invoke(PipelinesNode.java:101)
	at org.apache.cocoon.components.treeprocessor.TreeProcessor.process(TreeProcessor.java:336)
	at org.apache.cocoon.components.treeprocessor.TreeProcessor.process(TreeProcessor.java:277)
	at org.apache.cocoon.components.treeprocessor.sitemap.MountNode.invoke(MountNode.java:103)
	at org.apache.cocoon.components.treeprocessor.AbstractParentProcessingNode.invokeNodes(AbstractParentProcessingNode.java:72)
	at org.apache.cocoon.components.treeprocessor.sitemap.PipelineNode.invoke(PipelineNode.java:126)
	at org.apache.cocoon.components.treeprocessor.AbstractParentProcessingNode.invokeNodes(AbstractParentProcessingNode.java:72)
	at org.apache.cocoon.components.treeprocessor.sitemap.PipelinesNode.invoke(PipelinesNode.java:101)
	at org.apache.cocoon.components.treeprocessor.TreeProcessor.process(TreeProcessor.java:336)
	at org.apache.cocoon.components.treeprocessor.TreeProcessor.process(TreeProcessor.java:277)
	at org.apache.cocoon.Cocoon.process(Cocoon.java:639)
	at org.apache.cocoon.servlet.CocoonServlet.service(CocoonServlet.java:1098)
	at javax.servlet.http.HttpServlet.service(HttpServlet.java:853)
	at org.mortbay.jetty.servlet.ServletHolder.handle(ServletHolder.java:358)
	at org.mortbay.jetty.servlet.WebApplicationHandler.dispatch(WebApplicationHandler.java:294)
	at org.mortbay.jetty.servlet.ServletHandler.handle(ServletHandler.java:567)
	at org.mortbay.http.HttpContext.handle(HttpContext.java:1807)
	at org.mortbay.jetty.servlet.WebApplicationContext.handle(WebApplicationContext.java:525)
	at org.mortbay.http.HttpContext.handle(HttpContext.java:1757)
	at org.mortbay.http.HttpServer.service(HttpServer.java:879)
	at org.mortbay.http.HttpConnection.service(HttpConnection.java:790)
	at org.mortbay.http.HttpConnection.handleNext(HttpConnection.java:961)
	at org.mortbay.http.HttpConnection.handle(HttpConnection.java:807)
	at org.mortbay.http.SocketListener.handleConnection(SocketListener.java:197)
	at org.mortbay.util.ThreadedServer.handle(ThreadedServer.java:276)
	at org.mortbay.util.ThreadPool$PoolThread.run(ThreadPool.java:511)
